<?xml version="1.0" encoding="UTF-8" standalone="yes"?><!DOCTYPE report PUBLIC "-//JACOCO//DTD Report 1.0//EN" "report.dtd"><report name="ChessAI"><sessioninfo id="fish-HP-Spectre-x360-Convertible-13-d6859d89" start="1486516831001" dump="1486516833323"/><sessioninfo id="fish-HP-Spectre-x360-Convertible-13-741f92e4" start="1486516882224" dump="1486516894086"/><sessioninfo id="fish-HP-Spectre-x360-Convertible-13-96343b3f" start="1486517168277" dump="1486517169634"/><sessioninfo id="fish-HP-Spectre-x360-Convertible-13-97c154ed" start="1486517320126" dump="1486517320962"/><sessioninfo id="fish-HP-Spectre-x360-Convertible-13-a6c43803" start="1486529386813" dump="1486529388674"/><sessioninfo id="fish-HP-Spectre-x360-Convertible-13-e89b3231" start="1486529859617" dump="1486529860481"/><sessioninfo id="fish-HP-Spectre-x360-Convertible-13-6875b7c3" start="1486530301591" dump="1486530331355"/><sessioninfo id="fish-HP-Spectre-x360-Convertible-13-8ecf2d02" start="1486530348034" dump="1486530392033"/><sessioninfo id="fish-HP-Spectre-x360-Convertible-13-aa896535" start="1486530427031" dump="1486530427824"/><sessioninfo id="fish-HP-Spectre-x360-Convertible-13-594eac59" start="1486530449822" dump="1486530501726"/><sessioninfo id="fish-HP-Spectre-x360-Convertible-13-1fa3e6fa" start="1486530527834" dump="1486530529443"/><sessioninfo id="fish-HP-Spectre-x360-Convertible-13-bbebdcbb" start="1486530604322" dump="1486530606157"/><sessioninfo id="fish-HP-Spectre-x360-Convertible-13-27d65f78" start="1486530762490" dump="1486530764046"/><sessioninfo id="fish-HP-Spectre-x360-Convertible-13-1f25c922" start="1486531112049" dump="1486531114153"/><sessioninfo id="fish-HP-Spectre-x360-Convertible-13-16bda34e" start="1486531169823" dump="1486531171567"/><sessioninfo id="fish-HP-Spectre-x360-Convertible-13-c350dcd" start="1486531330970" dump="1486531332952"/><sessioninfo id="fish-HP-Spectre-x360-Convertible-13-ebe78474" start="1486531431289" dump="1486531433266"/><sessioninfo id="fish-HP-Spectre-x360-Convertible-13-354064ee" start="1486531756479" dump="1486531758438"/><sessioninfo id="fish-HP-Spectre-x360-Convertible-13-88d8447c" start="1486531803260" dump="1486531804755"/><sessioninfo id="fish-HP-Spectre-x360-Convertible-13-fd986d16" start="1486531808364" dump="1486531810335"/><sessioninfo id="fish-HP-Spectre-x360-Convertible-13-a96f4c27" start="1486531830138" dump="1486531832345"/><sessioninfo id="fish-HP-Spectre-x360-Convertible-13-b6098380" start="1486532759571" dump="1486532761536"/><sessioninfo id="fish-HP-Spectre-x360-Convertible-13-b1cebc5f" start="1486532779933" dump="1486532821144"/><sessioninfo id="fish-HP-Spectre-x360-Convertible-13-f910d5" start="1486532833417" dump="1486532883424"/><sessioninfo id="fish-HP-Spectre-x360-Convertible-13-81289e37" start="1486532904885" dump="1486532906570"/><sessioninfo id="fish-HP-Spectre-x360-Convertible-13-ff0b7574" start="1486532914390" dump="1486532916221"/><sessioninfo id="fish-HP-Spectre-x360-Convertible-13-80eb0ef6" start="1486532945157" dump="1486532946873"/><sessioninfo id="fish-HP-Spectre-x360-Convertible-13-c78ae292" start="1486533145748" dump="1486533147499"/><sessioninfo id="fish-HP-Spectre-x360-Convertible-13-cfe89ec4" start="1486533203178" dump="1486533275122"/><sessioninfo id="fish-HP-Spectre-x360-Convertible-13-2f03789f" start="1486533295244" dump="1486533356435"/><sessioninfo id="fish-HP-Spectre-x360-Convertible-13-c30b514a" start="1486533359261" dump="1486533418390"/><sessioninfo id="fish-HP-Spectre-x360-Convertible-13-ee5b0b88" start="1486533425881" dump="1486533427810"/><sessioninfo id="fish-HP-Spectre-x360-Convertible-13-4289c6bf" start="1486533640451" dump="1486533642412"/><sessioninfo id="fish-HP-Spectre-x360-Convertible-13-55fe3dcd" start="1486534095435" dump="1486534097097"/><sessioninfo id="fish-HP-Spectre-x360-Convertible-13-5fc02693" start="1486534303002" dump="1486534304758"/><sessioninfo id="fish-HP-Spectre-x360-Convertible-13-21169d6f" start="1486534322667" dump="1486534348432"/><sessioninfo id="fish-HP-Spectre-x360-Convertible-13-9159ebac" start="1486534372236" dump="1486534373992"/><sessioninfo id="fish-HP-Spectre-x360-Convertible-13-76ab63b7" start="1486534379546" dump="1486534404821"/><sessioninfo id="fish-HP-Spectre-x360-Convertible-13-df44f16b" start="1486534482121" dump="1486534483902"/><sessioninfo id="fish-HP-Spectre-x360-Convertible-13-e4be1b4d" start="1486534678516" dump="1486534680488"/><sessioninfo id="fish-HP-Spectre-x360-Convertible-13-a5bbd8a0" start="1486537362944" dump="1486537364698"/><sessioninfo id="fish-HP-Spectre-x360-Convertible-13-60984d5c" start="1486537489904" dump="1486537491582"/><sessioninfo id="fish-HP-Spectre-x360-Convertible-13-49fd9f46" start="1486537951464" dump="1486537954006"/><sessioninfo id="fish-HP-Spectre-x360-Convertible-13-5ee7a921" start="1486538180648" dump="1486538182677"/><sessioninfo id="fish-HP-Spectre-x360-Convertible-13-b7535586" start="1486538214954" dump="1486538288130"/><sessioninfo id="fish-HP-Spectre-x360-Convertible-13-1780157b" start="1486538291167" dump="1486538292834"/><sessioninfo id="fish-HP-Spectre-x360-Convertible-13-47a075c8" start="1486575312075" dump="1486575314047"/><sessioninfo id="fish-HP-Spectre-x360-Convertible-13-5351d39d" start="1486576412083" dump="1486576413771"/><sessioninfo id="fish-HP-Spectre-x360-Convertible-13-5dac242a" start="1486576433685" dump="1486576452811"/><sessioninfo id="fish-HP-Spectre-x360-Convertible-13-474e68f9" start="1486576475900" dump="1486576547470"/><sessioninfo id="fish-HP-Spectre-x360-Convertible-13-9a2b0809" start="1486577274671" dump="1486577276746"/><sessioninfo id="fish-HP-Spectre-x360-Convertible-13-123fc6d0" start="1486577744029" dump="1486577745567"/><sessioninfo id="fish-HP-Spectre-x360-Convertible-13-7f27a382" start="1486586927744" dump="1486586929927"/><sessioninfo id="fish-HP-Spectre-x360-Convertible-13-f093e348" start="1486587012115" dump="1486587013905"/><sessioninfo id="fish-HP-Spectre-x360-Convertible-13-d99963f5" start="1486587034343" dump="1486587036062"/><sessioninfo id="fish-HP-Spectre-x360-Convertible-13-edb6b9" start="1486587056424" dump="1486587058352"/><sessioninfo id="fish-HP-Spectre-x360-Convertible-13-d0de7a74" start="1486587674824" dump="1486587676701"/><sessioninfo id="fish-HP-Spectre-x360-Convertible-13-96da7a07" start="1486587769314" dump="1486587771300"/><sessioninfo id="fish-HP-Spectre-x360-Convertible-13-3a14f7db" start="1486587778567" dump="1486587780477"/><sessioninfo id="fish-HP-Spectre-x360-Convertible-13-5506a023" start="1486596438089" dump="1486596439895"/><sessioninfo id="fish-HP-Spectre-x360-Convertible-13-6376f06c" start="1486596474836" dump="1486596476541"/><sessioninfo id="fish-HP-Spectre-x360-Convertible-13-7d5f124f" start="1486596505123" dump="1486596663008"/><sessioninfo id="fish-HP-Spectre-x360-Convertible-13-7b401b90" start="1486598062298" dump="1486598064418"/><sessioninfo id="fish-HP-Spectre-x360-Convertible-13-7c2ed7ce" start="1486598306633" dump="1486598307496"/><sessioninfo id="fish-HP-Spectre-x360-Convertible-13-f2e1b273" start="1486598470052" dump="1486598471930"/><sessioninfo id="fish-HP-Spectre-x360-Convertible-13-5ccc53da" start="1486598657177" dump="1486598658817"/><sessioninfo id="fish-HP-Spectre-x360-Convertible-13-6d44acd0" start="1486598663942" dump="1486598666016"/><sessioninfo id="fish-HP-Spectre-x360-Convertible-13-8d857153" start="1486601276589" dump="1486601279203"/><sessioninfo id="fish-HP-Spectre-x360-Convertible-13-41ba6557" start="1486601349062" dump="1486601351384"/><sessioninfo id="fish-HP-Spectre-x360-Convertible-13-10ad2e5d" start="1486601388719" dump="1486601408387"/><sessioninfo id="fish-HP-Spectre-x360-Convertible-13-efee0b88" start="1486601412440" dump="1486601422705"/><sessioninfo id="fish-HP-Spectre-x360-Convertible-13-f76d4832" start="1486601448695" dump="1486601450767"/><sessioninfo id="fish-HP-Spectre-x360-Convertible-13-604510bb" start="1486601464015" dump="1486601504861"/><sessioninfo id="fish-HP-Spectre-x360-Convertible-13-29a4370c" start="1486601513938" dump="1486601515758"/><sessioninfo id="fish-HP-Spectre-x360-Convertible-13-dfaebcda" start="1486602684701" dump="1486602685516"/><sessioninfo id="fish-HP-Spectre-x360-Convertible-13-ac88735e" start="1486602697745" dump="1486602698987"/><sessioninfo id="fish-HP-Spectre-x360-Convertible-13-b8f79e96" start="1486602772326" dump="1486602773248"/><sessioninfo id="fish-HP-Spectre-x360-Convertible-13-adc41627" start="1486603241628" dump="1486603242428"/><sessioninfo id="fish-HP-Spectre-x360-Convertible-13-2f60adff" start="1486603287125" dump="1486603396038"/><sessioninfo id="fish-HP-Spectre-x360-Convertible-13-e24933f0" start="1486603400079" dump="1486603467777"/><sessioninfo id="fish-HP-Spectre-x360-Convertible-13-4d486370" start="1486608803084" dump="1486609041783"/><sessioninfo id="fish-HP-Spectre-x360-Convertible-13-c0fecb5a" start="1486609049552" dump="1486609146593"/><sessioninfo id="fish-HP-Spectre-x360-Convertible-13-726e35ea" start="1486609152581" dump="1486609249566"/><sessioninfo id="fish-HP-Spectre-x360-Convertible-13-e28a3e1c" start="1486609290000" dump="1486609624055"/><sessioninfo id="fish-HP-Spectre-x360-Convertible-13-58284e60" start="1486609626267" dump="1486609776900"/><sessioninfo id="fish-HP-Spectre-x360-Convertible-13-cbea7dfd" start="1486609779935" dump="1486609789680"/><sessioninfo id="fish-HP-Spectre-x360-Convertible-13-4aa4a85" start="1486609791915" dump="1486609874301"/><sessioninfo id="fish-HP-Spectre-x360-Convertible-13-6f856857" start="1486609878172" dump="1486609957207"/><sessioninfo id="fish-HP-Spectre-x360-Convertible-13-133d3d56" start="1486609959642" dump="1486609981376"/><sessioninfo id="fish-HP-Spectre-x360-Convertible-13-4c0f7488" start="1486610031182" dump="1486610191695"/><sessioninfo id="fish-HP-Spectre-x360-Convertible-13-6433ff65" start="1486616925792" dump="1486616947188"/><sessioninfo id="fish-HP-Spectre-x360-Convertible-13-1127fb81" start="1486617048667" dump="1486617381438"/><sessioninfo id="fish-HP-Spectre-x360-Convertible-13-9a17090e" start="1486617416680" dump="1486617820115"/><sessioninfo id="fish-HP-Spectre-x360-Convertible-13-6554c7c7" start="1486617823704" dump="1486617906431"/><sessioninfo id="fish-HP-Spectre-x360-Convertible-13-d18a4153" start="1486617908804" dump="1486617940909"/><sessioninfo id="fish-HP-Spectre-x360-Convertible-13-55509e46" start="1486617944804" dump="1486618492678"/><sessioninfo id="fish-HP-Spectre-x360-Convertible-13-f115d645" start="1486618494936" dump="1486618748128"/><sessioninfo id="fish-HP-Spectre-x360-Convertible-13-13acade6" start="1486618822228" dump="1486618896961"/><sessioninfo id="fish-HP-Spectre-x360-Convertible-13-1950aa8f" start="1486618904484" dump="1486619007229"/><sessioninfo id="fish-HP-Spectre-x360-Convertible-13-62be5bc1" start="1486619010430" dump="1486619011329"/><sessioninfo id="fish-HP-Spectre-x360-Convertible-13-3a46faf2" start="1486619110593" dump="1486619186349"/><sessioninfo id="fish-HP-Spectre-x360-Convertible-13-4b6ec95" start="1486619209305" dump="1486619210613"/><sessioninfo id="fish-HP-Spectre-x360-Convertible-13-165c56aa" start="1486619255910" dump="1486619256790"/><sessioninfo id="fish-HP-Spectre-x360-Convertible-13-110bd42e" start="1486619425630" dump="1486619533152"/><sessioninfo id="fish-HP-Spectre-x360-Convertible-13-b72a78c7" start="1486619270325" dump="1486619534655"/><sessioninfo id="fish-HP-Spectre-x360-Convertible-13-5eae505d" start="1486619546844" dump="1486619601570"/><sessioninfo id="fish-HP-Spectre-x360-Convertible-13-16835c7e" start="1486619632598" dump="1486619870517"/><sessioninfo id="fish-HP-Spectre-x360-Convertible-13-eefa6e79" start="1486619946122" dump="1486619946937"/><sessioninfo id="fish-HP-Spectre-x360-Convertible-13-c6ab9849" start="1486619958928" dump="1486619959786"/><sessioninfo id="fish-HP-Spectre-x360-Convertible-13-8ea79830" start="1486620002253" dump="1486620004459"/><sessioninfo id="fish-HP-Spectre-x360-Convertible-13-38d90782" start="1486621541949" dump="1486621543829"/><sessioninfo id="fish-HP-Spectre-x360-Convertible-13-5af77a1c" start="1486621558585" dump="1486621560347"/><sessioninfo id="fish-HP-Spectre-x360-Convertible-13-2e11912a" start="1486621566245" dump="1486621567357"/><sessioninfo id="fish-HP-Spectre-x360-Convertible-13-7bc6c0d9" start="1486622841959" dump="1486622842859"/><sessioninfo id="fish-HP-Spectre-x360-Convertible-13-a24f5c54" start="1486622859120" dump="1486622935438"/><sessioninfo id="fish-HP-Spectre-x360-Convertible-13-dee67ebf" start="1486622953719" dump="1486622954706"/><sessioninfo id="fish-HP-Spectre-x360-Convertible-13-14ebbf4c" start="1486622966553" dump="1486623120016"/><sessioninfo id="fish-HP-Spectre-x360-Convertible-13-e0f5cf45" start="1486623123889" dump="1486623125011"/><sessioninfo id="fish-HP-Spectre-x360-Convertible-13-e0a41ea2" start="1486623139010" dump="1486623141427"/><sessioninfo id="fish-HP-Spectre-x360-Convertible-13-6af66d11" start="1486623153035" dump="1486623155198"/><sessioninfo id="fish-HP-Spectre-x360-Convertible-13-9866bb87" start="1486623175087" dump="1486623177184"/><sessioninfo id="fish-HP-Spectre-x360-Convertible-13-38f8e37c" start="1486623187449" dump="1486623189663"/><sessioninfo id="fish-HP-Spectre-x360-Convertible-13-6e420551" start="1486624071422" dump="1486624072710"/><sessioninfo id="fish-HP-Spectre-x360-Convertible-13-bed7c09" start="1486625436196" dump="1486625437667"/><sessioninfo id="fish-HP-Spectre-x360-Convertible-13-7ab71fe2" start="1486625473678" dump="1486625518286"/><sessioninfo id="fish-HP-Spectre-x360-Convertible-13-d288199e" start="1486625522540" dump="1486625781378"/><sessioninfo id="fish-HP-Spectre-x360-Convertible-13-ff9e95fb" start="1486625783875" dump="1486625785312"/><sessioninfo id="fish-HP-Spectre-x360-Convertible-13-120c832c" start="1486628300945" dump="1486628302206"/><sessioninfo id="fish-HP-Spectre-x360-Convertible-13-4235cc81" start="1486628591872" dump="1486628593281"/><sessioninfo id="fish-HP-Spectre-x360-Convertible-13-e6564754" start="1486628625885" dump="1486628627273"/><sessioninfo id="fish-HP-Spectre-x360-Convertible-13-96b42374" start="1486628646470" dump="1486628808065"/><sessioninfo id="fish-HP-Spectre-x360-Convertible-13-6a8f171d" start="1486629443435" dump="1486629511879"/><sessioninfo id="fish-HP-Spectre-x360-Convertible-13-65a476d5" start="1486629737827" dump="1486629780382"/><sessioninfo id="fish-HP-Spectre-x360-Convertible-13-569d803f" start="1486629791790" dump="1486629798585"/><sessioninfo id="fish-HP-Spectre-x360-Convertible-13-bae4673c" start="1486629840925" dump="1486629845579"/><sessioninfo id="fish-HP-Spectre-x360-Convertible-13-8bed2d82" start="1486629853322" dump="1486629856899"/><sessioninfo id="fish-HP-Spectre-x360-Convertible-13-2e3e648f" start="1486629864696" dump="1486629867152"/><sessioninfo id="fish-HP-Spectre-x360-Convertible-13-830964f8" start="1486629905335" dump="1486629907832"/><sessioninfo id="fish-HP-Spectre-x360-Convertible-13-50d6ac69" start="1486629929125" dump="1486629931538"/><sessioninfo id="fish-HP-Spectre-x360-Convertible-13-7825d130" start="1486629940108" dump="1486629942241"/><sessioninfo id="fish-HP-Spectre-x360-Convertible-13-705a20cd" start="1486629952425" dump="1486629954260"/><sessioninfo id="fish-HP-Spectre-x360-Convertible-13-64ef0749" start="1486629962553" dump="1486629964393"/><sessioninfo id="fish-HP-Spectre-x360-Convertible-13-b3ac35eb" start="1486629978616" dump="1486629980143"/><sessioninfo id="fish-HP-Spectre-x360-Convertible-13-dc341a10" start="1486629989737" dump="1486629991542"/><sessioninfo id="fish-HP-Spectre-x360-Convertible-13-c651de82" start="1486629997488" dump="1486629998936"/><sessioninfo id="fish-HP-Spectre-x360-Convertible-13-949088b1" start="1486630007542" dump="1486630009075"/><sessioninfo id="fish-HP-Spectre-x360-Convertible-13-c21c03ef" start="1486630022585" dump="1486630024142"/><sessioninfo id="fish-HP-Spectre-x360-Convertible-13-bab146b8" start="1486630030619" dump="1486630032050"/><sessioninfo id="fish-HP-Spectre-x360-Convertible-13-334abc7e" start="1486630041013" dump="1486630042449"/><sessioninfo id="fish-HP-Spectre-x360-Convertible-13-d86ed335" start="1486630047729" dump="1486630049407"/><sessioninfo id="fish-HP-Spectre-x360-Convertible-13-e442d7aa" start="1486630059395" dump="1486630106452"/><sessioninfo id="fish-HP-Spectre-x360-Convertible-13-b4f6b070" start="1486630112482" dump="1486631086284"/><sessioninfo id="fish-HP-Spectre-x360-Convertible-13-c6b602ff" start="1486656910244" dump="1486656911576"/><sessioninfo id="fish-HP-Spectre-x360-Convertible-13-160b5d26" start="1486684590360" dump="1486684592265"/><sessioninfo id="fish-HP-Spectre-x360-Convertible-13-31265652" start="1486684646672" dump="1486684648607"/><sessioninfo id="fish-HP-Spectre-x360-Convertible-13-3e5540fb" start="1486684671132" dump="1486684754662"/><sessioninfo id="fish-HP-Spectre-x360-Convertible-13-24f4334d" start="1486684841197" dump="1486684843183"/><sessioninfo id="fish-HP-Spectre-x360-Convertible-13-dfdda659" start="1486684877015" dump="1486684913643"/><sessioninfo id="fish-HP-Spectre-x360-Convertible-13-267aca1f" start="1486684915225" dump="1486685067415"/><sessioninfo id="fish-HP-Spectre-x360-Convertible-13-80a1e73f" start="1486685110381" dump="1486685112277"/><sessioninfo id="fish-HP-Spectre-x360-Convertible-13-c69c03ab" start="1486703936184" dump="1486703937017"/><sessioninfo id="fish-HP-Spectre-x360-Convertible-13-dfe0cea" start="1486703949087" dump="1486703951214"/><sessioninfo id="fish-HP-Spectre-x360-Convertible-13-19c71872" start="1486703987552" dump="1486704000650"/><sessioninfo id="fish-HP-Spectre-x360-Convertible-13-6afac2cd" start="1486704007016" dump="1486704042718"/><sessioninfo id="fish-HP-Spectre-x360-Convertible-13-c77f4cd4" start="1486704089406" dump="1486704091657"/><sessioninfo id="fish-HP-Spectre-x360-Convertible-13-fca283b1" start="1486769206721" dump="1486769208847"/><sessioninfo id="fish-HP-Spectre-x360-Convertible-13-6d6d7901" start="1486771354628" dump="1486771356397"/><sessioninfo id="fish-HP-Spectre-x360-Convertible-13-d38f389d" start="1486771644131" dump="1486771692479"/><sessioninfo id="fish-HP-Spectre-x360-Convertible-13-ba00427b" start="1486773505537" dump="1486773506792"/><sessioninfo id="fish-HP-Spectre-x360-Convertible-13-6ca5fb89" start="1486773616019" dump="1486773617206"/><sessioninfo id="fish-HP-Spectre-x360-Convertible-13-f067673e" start="1486775343165" dump="1486775346096"/><sessioninfo id="fish-HP-Spectre-x360-Convertible-13-5fc58085" start="1486775396036" dump="1486775483313"/><sessioninfo id="fish-HP-Spectre-x360-Convertible-13-f31f0a57" start="1486775502814" dump="1486775514215"/><sessioninfo id="fish-HP-Spectre-x360-Convertible-13-8d04e0f1" start="1486775517256" dump="1486775709779"/><sessioninfo id="fish-HP-Spectre-x360-Convertible-13-3ac8431d" start="1486775717866" dump="1486776294459"/><sessioninfo id="fish-HP-Spectre-x360-Convertible-13-50819e8d" start="1486776296821" dump="1486776298483"/><sessioninfo id="fish-HP-Spectre-x360-Convertible-13-e1bc77a0" start="1486776385008" dump="1486777040887"/><sessioninfo id="fish-HP-Spectre-x360-Convertible-13-d61cb1c5" start="1486777045584" dump="1486777363754"/><sessioninfo id="fish-HP-Spectre-x360-Convertible-13-929e7be6" start="1486777379832" dump="1486777382092"/><sessioninfo id="fish-HP-Spectre-x360-Convertible-13-a28abf20" start="1486777507115" dump="1486777509451"/><sessioninfo id="fish-HP-Spectre-x360-Convertible-13-e4f36667" start="1486777530839" dump="1486777634553"/><sessioninfo id="fish-HP-Spectre-x360-Convertible-13-e1c866ff" start="1486777646311" dump="1486777736723"/><sessioninfo id="fish-HP-Spectre-x360-Convertible-13-dad60035" start="1486777747847" dump="1486777750073"/><sessioninfo id="fish-HP-Spectre-x360-Convertible-13-81743020" start="1486777765870" dump="1486777843894"/><sessioninfo id="fish-HP-Spectre-x360-Convertible-13-dc1449e5" start="1486777846495" dump="1486778225600"/><sessioninfo id="fish-HP-Spectre-x360-Convertible-13-3f06260" start="1486778246117" dump="1486778248028"/><sessioninfo id="fish-HP-Spectre-x360-Convertible-13-86d7954" start="1486796050659" dump="1486796053109"/><sessioninfo id="fish-HP-Spectre-x360-Convertible-13-8c7d3e1" start="1486796687519" dump="1486796689525"/><sessioninfo id="fish-HP-Spectre-x360-Convertible-13-bbc4ce01" start="1486796709200" dump="1486796851297"/><sessioninfo id="fish-HP-Spectre-x360-Convertible-13-46e9da8c" start="1486856737278" dump="1486856954069"/><sessioninfo id="fish-HP-Spectre-x360-Convertible-13-371c2af3" start="1486856958606" dump="1486857814018"/><sessioninfo id="fish-HP-Spectre-x360-Convertible-13-56d24496" start="1486857831427" dump="1486857988546"/><sessioninfo id="fish-HP-Spectre-x360-Convertible-13-c4ebbe70" start="1486859199146" dump="1486859345407"/><sessioninfo id="fish-HP-Spectre-x360-Convertible-13-8a4a9756" start="1486859350766" dump="1486860736477"/><sessioninfo id="fish-HP-Spectre-x360-Convertible-13-3e47c217" start="1486860743557" dump="1486863187787"/><sessioninfo id="fish-HP-Spectre-x360-Convertible-13-6a79bb58" start="1486863248895" dump="1486863250817"/><sessioninfo id="fish-HP-Spectre-x360-Convertible-13-f563f36" start="1486863264261" dump="1486863266077"/><sessioninfo id="fish-HP-Spectre-x360-Convertible-13-f0f0e06b" start="1486863306990" dump="1486863309458"/><sessioninfo id="fish-HP-Spectre-x360-Convertible-13-eaddae05" start="1487477172247" dump="1487477174474"/><sessioninfo id="fish-HP-Spectre-x360-Convertible-13-b8cf067d" start="1487477185478" dump="1487477206529"/><sessioninfo id="fish-HP-Spectre-x360-Convertible-13-963effe1" start="1487477218562" dump="1487477318588"/><sessioninfo id="fish-HP-Spectre-x360-Convertible-13-5e68e203" start="1487477400571" dump="1487477404941"/><sessioninfo id="fish-HP-Spectre-x360-Convertible-13-16d7d4a8" start="1487478278918" dump="1487478997290"/><sessioninfo id="fish-HP-Spectre-x360-Convertible-13-514bf41c" start="1487479014352" dump="1487479025958"/><sessioninfo id="fish-HP-Spectre-x360-Convertible-13-a939e994" start="1487479035805" dump="1487480936232"/><sessioninfo id="fish-HP-Spectre-x360-Convertible-13-18fba301" start="1487480942944" dump="1487480948812"/><sessioninfo id="fish-HP-Spectre-x360-Convertible-13-1f9f2ea7" start="1487480967223" dump="1487480990172"/><sessioninfo id="fish-HP-Spectre-x360-Convertible-13-442c7791" start="1487480998016" dump="1487482475270"/><sessioninfo id="fish-HP-Spectre-x360-Convertible-13-5d276fe5" start="1487482482104" dump="1487482493426"/><sessioninfo id="fish-HP-Spectre-x360-Convertible-13-bd8ea67d" start="1487482932439" dump="1487483461930"/><sessioninfo id="fish-HP-Spectre-x360-Convertible-13-f88cdf5" start="1487483480500" dump="1487483942136"/><sessioninfo id="fish-HP-Spectre-x360-Convertible-13-4c8c3caa" start="1487483947712" dump="1487486452371"/><sessioninfo id="fish-HP-Spectre-x360-Convertible-13-b348e0ec" start="1487486458372" dump="1487486812504"/><sessioninfo id="fish-HP-Spectre-x360-Convertible-13-f80f11e9" start="1487486822634" dump="1487487322761"/><sessioninfo id="fish-HP-Spectre-x360-Convertible-13-c80b2586" start="1487487332423" dump="1487487633261"/><sessioninfo id="fish-HP-Spectre-x360-Convertible-13-cdf8eb95" start="1487487638550" dump="1487488902049"/><sessioninfo id="fish-HP-Spectre-x360-Convertible-13-db5a5d1f" start="1487488911277" dump="1487489687934"/><sessioninfo id="fish-HP-Spectre-x360-Convertible-13-59fc5e94" start="1487489694844" dump="1487489753597"/><sessioninfo id="fish-HP-Spectre-x360-Convertible-13-cab481cd" start="1487489757962" dump="1487490082106"/><sessioninfo id="fish-HP-Spectre-x360-Convertible-13-38ec803c" start="1487490087023" dump="1487490088734"/><sessioninfo id="fish-HP-Spectre-x360-Convertible-13-4be98dc5" start="1487490109057" dump="1487490129349"/><sessioninfo id="fish-HP-Spectre-x360-Convertible-13-d9ecdd32" start="1487490140784" dump="1487490230467"/><sessioninfo id="fish-HP-Spectre-x360-Convertible-13-ce185ac5" start="1487490430306" dump="1487490451507"/><sessioninfo id="fish-HP-Spectre-x360-Convertible-13-1310d4bf" start="1487490483155" dump="1487490531564"/><sessioninfo id="fish-HP-Spectre-x360-Convertible-13-c8c7e7ab" start="1487490572399" dump="1487490580270"/><sessioninfo id="fish-HP-Spectre-x360-Convertible-13-758be450" start="1487490589747" dump="1487490667260"/><sessioninfo id="fish-HP-Spectre-x360-Convertible-13-c7426b24" start="1487490671780" dump="1487491006787"/><sessioninfo id="fish-HP-Spectre-x360-Convertible-13-ed006e4" start="1487491011706" dump="1487491079696"/><sessioninfo id="fish-HP-Spectre-x360-Convertible-13-f1279b1f" start="1487491083626" dump="1487491193744"/><sessioninfo id="fish-HP-Spectre-x360-Convertible-13-a90adf42" start="1487491334393" dump="1487491361780"/><sessioninfo id="fish-HP-Spectre-x360-Convertible-13-4a3a63f3" start="1487491365882" dump="1487491421286"/><sessioninfo id="fish-HP-Spectre-x360-Convertible-13-f51cddea" start="1487491427243" dump="1487491803598"/><sessioninfo id="fish-HP-Spectre-x360-Convertible-13-d73b2c11" start="1487492725899" dump="1487492728557"/><sessioninfo id="fish-HP-Spectre-x360-Convertible-13-23ed9c4c" start="1487493706645" dump="1487493708429"/><sessioninfo id="fish-HP-Spectre-x360-Convertible-13-120e25a9" start="1487493741630" dump="1487493815097"/><sessioninfo id="fish-HP-Spectre-x360-Convertible-13-f63668cc" start="1487493828500" dump="1487493830241"/><sessioninfo id="fish-HP-Spectre-x360-Convertible-13-f78c138f" start="1487522900888" dump="1487522903409"/><sessioninfo id="fish-HP-Spectre-x360-Convertible-13-f0e49e63" start="1487522981956" dump="1487523015827"/><sessioninfo id="fish-HP-Spectre-x360-Convertible-13-669f13d3" start="1487523020668" dump="1487523196749"/><sessioninfo id="fish-HP-Spectre-x360-Convertible-13-c3466f8c" start="1487523201843" dump="1487523369692"/><sessioninfo id="fish-HP-Spectre-x360-Convertible-13-64ba006d" start="1487525697963" dump="1487525700397"/><sessioninfo id="fish-HP-Spectre-x360-Convertible-13-d1cf5d" start="1487525772778" dump="1487525774947"/><sessioninfo id="fish-HP-Spectre-x360-Convertible-13-a09645f5" start="1487526233390" dump="1487526235510"/><sessioninfo id="fish-HP-Spectre-x360-Convertible-13-4d9f10ef" start="1487526416807" dump="1487526419045"/><sessioninfo id="fish-HP-Spectre-x360-Convertible-13-d8210fa2" start="1487526438375" dump="1487526440542"/><sessioninfo id="fish-HP-Spectre-x360-Convertible-13-eb6b2505" start="1487528568743" dump="1487528570815"/><sessioninfo id="fish-HP-Spectre-x360-Convertible-13-77c734b5" start="1487538391196" dump="1487538392879"/><sessioninfo id="fish-HP-Spectre-x360-Convertible-13-3bb2ed46" start="1487538408679" dump="1487538440773"/><sessioninfo id="fish-HP-Spectre-x360-Convertible-13-c93facec" start="1487538446814" dump="1487538667842"/><sessioninfo id="fish-HP-Spectre-x360-Convertible-13-2fdfb21b" start="1487538736450" dump="1487538737925"/><sessioninfo id="fish-HP-Spectre-x360-Convertible-13-e6d623e6" start="1487538823779" dump="1487538825413"/><sessioninfo id="fish-HP-Spectre-x360-Convertible-13-17f6b47c" start="1487539342256" dump="1487539344683"/><sessioninfo id="fish-HP-Spectre-x360-Convertible-13-a8bcffa1" start="1487539652412" dump="1487539654449"/><sessioninfo id="fish-HP-Spectre-x360-Convertible-13-479deb05" start="1487539794184" dump="1487539796677"/><sessioninfo id="fish-HP-Spectre-x360-Convertible-13-189ed402" start="1487539827223" dump="1487539830191"/><sessioninfo id="fish-HP-Spectre-x360-Convertible-13-28fba8e0" start="1487539844941" dump="1487539914718"/><sessioninfo id="fish-HP-Spectre-x360-Convertible-13-b06cd8da" start="1487539919702" dump="1487540001887"/><sessioninfo id="fish-HP-Spectre-x360-Convertible-13-cb5379d7" start="1487540006204" dump="1487540008285"/><sessioninfo id="fish-HP-Spectre-x360-Convertible-13-81773c7a" start="1487540059647" dump="1487540061885"/><sessioninfo id="fish-HP-Spectre-x360-Convertible-13-c196b54e" start="1487540067020" dump="1487540069845"/><sessioninfo id="fish-HP-Spectre-x360-Convertible-13-25e11e09" start="1487540139587" dump="1487540141450"/><sessioninfo id="fish-HP-Spectre-x360-Convertible-13-457bc188" start="1487540156067" dump="1487540254467"/><sessioninfo id="fish-HP-Spectre-x360-Convertible-13-5c8913e1" start="1487540273584" dump="1487540296780"/><sessioninfo id="fish-HP-Spectre-x360-Convertible-13-ea4d78c2" start="1487540300743" dump="1487540305924"/><sessioninfo id="fish-HP-Spectre-x360-Convertible-13-caa6112d" start="1487540315335" dump="1487540343491"/><sessioninfo id="fish-HP-Spectre-x360-Convertible-13-a1608e61" start="1487540381465" dump="1487540382971"/><sessioninfo id="fish-HP-Spectre-x360-Convertible-13-c616dfc5" start="1487540438955" dump="1487540767274"/><sessioninfo id="fish-HP-Spectre-x360-Convertible-13-914c458d" start="1487541035003" dump="1487541037789"/><sessioninfo id="fish-HP-Spectre-x360-Convertible-13-696c09d9" start="1487541245892" dump="1487541248285"/><sessioninfo id="fish-HP-Spectre-x360-Convertible-13-9fa69206" start="1487541262012" dump="1487541264422"/><sessioninfo id="fish-HP-Spectre-x360-Convertible-13-d002308b" start="1487555981462" dump="1487555983324"/><sessioninfo id="fish-HP-Spectre-x360-Convertible-13-2d8c8278" start="1487556163626" dump="1487556165980"/><sessioninfo id="fish-HP-Spectre-x360-Convertible-13-a3205fa7" start="1487556279376" dump="1487556281568"/><sessioninfo id="fish-HP-Spectre-x360-Convertible-13-475f0238" start="1487556293546" dump="1487556295564"/><sessioninfo id="fish-HP-Spectre-x360-Convertible-13-9ddb78bb" start="1487561605724" dump="1487561608472"/><sessioninfo id="fish-HP-Spectre-x360-Convertible-13-dbfcfbdb" start="1487561655195" dump="1487561657520"/><sessioninfo id="fish-HP-Spectre-x360-Convertible-13-1bd33a2e" start="1487576701936" dump="1487576704339"/><sessioninfo id="fish-HP-Spectre-x360-Convertible-13-82fb9f89" start="1487576751770" dump="1487576865181"/><sessioninfo id="fish-HP-Spectre-x360-Convertible-13-e3c39432" start="1487576872741" dump="1487576875170"/><sessioninfo id="fish-HP-Spectre-x360-Convertible-13-6723dc2d" start="1487576896659" dump="1487577031259"/><sessioninfo id="fish-HP-Spectre-x360-Convertible-13-44bfb856" start="1487577049630" dump="1487577091969"/><sessioninfo id="fish-HP-Spectre-x360-Convertible-13-5bd8e770" start="1487577097701" dump="1487577320952"/><sessioninfo id="fish-HP-Spectre-x360-Convertible-13-239bd5f4" start="1487577339658" dump="1487577342142"/><sessioninfo id="fish-HP-Spectre-x360-Convertible-13-50d9e68c" start="1487577418690" dump="1487577420556"/><sessioninfo id="fish-HP-Spectre-x360-Convertible-13-791bf6d8" start="1487577427268" dump="1487577429628"/><sessioninfo id="fish-HP-Spectre-x360-Convertible-13-65a1d385" start="1487577476516" dump="1487577568648"/><sessioninfo id="fish-HP-Spectre-x360-Convertible-13-477056ab" start="1487577570031" dump="1487577574011"/><sessioninfo id="fish-HP-Spectre-x360-Convertible-13-e1ef7bb3" start="1487577578964" dump="1487577646088"/><sessioninfo id="fish-HP-Spectre-x360-Convertible-13-f2532433" start="1487577649497" dump="1487577671725"/><sessioninfo id="fish-HP-Spectre-x360-Convertible-13-a96a75fd" start="1487577675998" dump="1487577707372"/><sessioninfo id="fish-HP-Spectre-x360-Convertible-13-ebf13b59" start="1487577716500" dump="1487577745205"/><sessioninfo id="fish-HP-Spectre-x360-Convertible-13-f0f8afba" start="1487577749919" dump="1487577836338"/><sessioninfo id="fish-HP-Spectre-x360-Convertible-13-17e0421b" start="1487577850108" dump="1487577850993"/><sessioninfo id="fish-HP-Spectre-x360-Convertible-13-23ca6b80" start="1487577858003" dump="1487577881298"/><sessioninfo id="fish-HP-Spectre-x360-Convertible-13-dd58ee88" start="1487577886954" dump="1487577925380"/><sessioninfo id="fish-HP-Spectre-x360-Convertible-13-2d4d7be" start="1487578058499" dump="1487578059932"/><sessioninfo id="fish-HP-Spectre-x360-Convertible-13-698d8455" start="1487578072749" dump="1487578075248"/><sessioninfo id="fish-HP-Spectre-x360-Convertible-13-58a87fdb" start="1487578156542" dump="1487578158820"/><sessioninfo id="fish-HP-Spectre-x360-Convertible-13-6d461991" start="1487578185600" dump="1487578188454"/><sessioninfo id="fish-HP-Spectre-x360-Convertible-13-9d2a203a" start="1487578247027" dump="1487578317025"/><sessioninfo id="fish-HP-Spectre-x360-Convertible-13-fca70baf" start="1487578316546" dump="1487578345880"/><sessioninfo id="fish-HP-Spectre-x360-Convertible-13-429118ff" start="1487578352720" dump="1487578394998"/><sessioninfo id="fish-HP-Spectre-x360-Convertible-13-ec5c17d1" start="1487578397748" dump="1487578472878"/><sessioninfo id="fish-HP-Spectre-x360-Convertible-13-611ee11" start="1487578488526" dump="1487578490488"/><sessioninfo id="fish-HP-Spectre-x360-Convertible-13-1f9536ab" start="1487578509140" dump="1487578675239"/><sessioninfo id="fish-HP-Spectre-x360-Convertible-13-93422c89" start="1487578678810" dump="1487578681616"/><sessioninfo id="fish-HP-Spectre-x360-Convertible-13-eef4034e" start="1487579358070" dump="1487579360822"/><package name=""><class name="ChessEngine"><method name="&lt;init&gt;" desc="()V" line="33"><counter type="INSTRUCTION" missed="3" covered="0"/><counter type="LINE" missed="1" covered="0"/><counter type="COMPLEXITY" missed="1" covered="0"/><counter type="METHOD" missed="1" covered="0"/></method><method name="main" desc="([Ljava/lang/String;)V" line="39"><counter type="INSTRUCTION" missed="5" covered="0"/><counter type="LINE" missed="2" covered="0"/><counter type="COMPLEXITY" missed="1" covered="0"/><counter type="METHOD" missed="1" covered="0"/></method><counter type="INSTRUCTION" missed="8" covered="0"/><counter type="LINE" missed="3" covered="0"/><counter type="COMPLEXITY" missed="2" covered="0"/><counter type="METHOD" missed="2" covered="0"/><counter type="CLASS" missed="1" covered="0"/></class><sourcefile name="ChessEngine.java"><line nr="33" mi="3" ci="0" mb="0" cb="0"/><line nr="39" mi="4" ci="0" mb="0" cb="0"/><line nr="40" mi="1" ci="0" mb="0" cb="0"/><counter type="INSTRUCTION" missed="8" covered="0"/><counter type="LINE" missed="3" covered="0"/><counter type="COMPLEXITY" missed="2" covered="0"/><counter type="METHOD" missed="2" covered="0"/><counter type="CLASS" missed="1" covered="0"/></sourcefile><counter type="INSTRUCTION" missed="8" covered="0"/><counter type="LINE" missed="3" covered="0"/><counter type="COMPLEXITY" missed="2" covered="0"/><counter type="METHOD" missed="2" covered="0"/><counter type="CLASS" missed="1" covered="0"/></package><package name="chessboard/pieces"><class name="chessboard/pieces/Piece"><method name="&lt;init&gt;" desc="(Lchessboard/Color;II)V" line="42"><counter type="INSTRUCTION" missed="0" covered="16"/><counter type="LINE" missed="0" covered="5"/><counter type="COMPLEXITY" missed="0" covered="1"/><counter type="METHOD" missed="0" covered="1"/></method><method name="position" desc="()Ljava/awt/Point;" line="54"><counter type="INSTRUCTION" missed="0" covered="3"/><counter type="LINE" missed="0" covered="1"/><counter type="COMPLEXITY" missed="0" covered="1"/><counter type="METHOD" missed="0" covered="1"/></method><method name="setPosition" desc="(Ljava/awt/Point;)V" line="63"><counter type="INSTRUCTION" missed="0" covered="4"/><counter type="LINE" missed="0" covered="2"/><counter type="COMPLEXITY" missed="0" covered="1"/><counter type="METHOD" missed="0" covered="1"/></method><method name="addMoveCount" desc="()V" line="70"><counter type="INSTRUCTION" missed="0" covered="7"/><counter type="LINE" missed="0" covered="2"/><counter type="COMPLEXITY" missed="0" covered="1"/><counter type="METHOD" missed="0" covered="1"/></method><method name="subMoveCount" desc="()V" line="77"><counter type="INSTRUCTION" missed="0" covered="7"/><counter type="LINE" missed="0" covered="2"/><counter type="COMPLEXITY" missed="0" covered="1"/><counter type="METHOD" missed="0" covered="1"/></method><method name="hasMoved" desc="()Z" line="86"><counter type="INSTRUCTION" missed="0" covered="7"/><counter type="BRANCH" missed="0" covered="2"/><counter type="LINE" missed="0" covered="1"/><counter type="COMPLEXITY" missed="0" covered="2"/><counter type="METHOD" missed="0" covered="1"/></method><method name="addDirectionalMoves" desc="(Ljava/util/List;Lchessboard/Board;Lchessboard/Direction;)V" line="106"><counter type="INSTRUCTION" missed="0" covered="54"/><counter type="BRANCH" missed="0" covered="4"/><counter type="LINE" missed="0" covered="12"/><counter type="COMPLEXITY" missed="0" covered="3"/><counter type="METHOD" missed="0" covered="1"/></method><method name="equals" desc="(Ljava/lang/Object;)Z" line="131"><counter type="INSTRUCTION" missed="0" covered="34"/><counter type="BRANCH" missed="0" covered="8"/><counter type="LINE" missed="0" covered="10"/><counter type="COMPLEXITY" missed="0" covered="5"/><counter type="METHOD" missed="0" covered="1"/></method><counter type="INSTRUCTION" missed="0" covered="132"/><counter type="BRANCH" missed="0" covered="14"/><counter type="LINE" missed="0" covered="35"/><counter type="COMPLEXITY" missed="0" covered="15"/><counter type="METHOD" missed="0" covered="8"/><counter type="CLASS" missed="0" covered="1"/></class><class name="chessboard/pieces/Rook"><method name="&lt;init&gt;" desc="(Lchessboard/Color;II)V" line="32"><counter type="INSTRUCTION" missed="0" covered="6"/><counter type="LINE" missed="0" covered="2"/><counter type="COMPLEXITY" missed="0" covered="1"/><counter type="METHOD" missed="0" covered="1"/></method><method name="validMoves" desc="(Lchessboard/Board;)Ljava/util/List;" line="44"><counter type="INSTRUCTION" missed="0" covered="26"/><counter type="LINE" missed="0" covered="6"/><counter type="COMPLEXITY" missed="0" covered="1"/><counter type="METHOD" missed="0" covered="1"/></method><counter type="INSTRUCTION" missed="0" covered="32"/><counter type="LINE" missed="0" covered="8"/><counter type="COMPLEXITY" missed="0" covered="2"/><counter type="METHOD" missed="0" covered="2"/><counter type="CLASS" missed="0" covered="1"/></class><class name="chessboard/pieces/Knight"><method name="&lt;init&gt;" desc="(Lchessboard/Color;II)V" line="32"><counter type="INSTRUCTION" missed="0" covered="6"/><counter type="LINE" missed="0" covered="2"/><counter type="COMPLEXITY" missed="0" covered="1"/><counter type="METHOD" missed="0" covered="1"/></method><method name="validMoves" desc="(Lchessboard/Board;)Ljava/util/List;" line="44"><counter type="INSTRUCTION" missed="0" covered="92"/><counter type="BRANCH" missed="0" covered="4"/><counter type="LINE" missed="0" covered="8"/><counter type="COMPLEXITY" missed="0" covered="3"/><counter type="METHOD" missed="0" covered="1"/></method><counter type="INSTRUCTION" missed="0" covered="98"/><counter type="BRANCH" missed="0" covered="4"/><counter type="LINE" missed="0" covered="10"/><counter type="COMPLEXITY" missed="0" covered="4"/><counter type="METHOD" missed="0" covered="2"/><counter type="CLASS" missed="0" covered="1"/></class><class name="chessboard/pieces/Queen"><method name="&lt;init&gt;" desc="(Lchessboard/Color;II)V" line="32"><counter type="INSTRUCTION" missed="0" covered="6"/><counter type="LINE" missed="0" covered="2"/><counter type="COMPLEXITY" missed="0" covered="1"/><counter type="METHOD" missed="0" covered="1"/></method><method name="validMoves" desc="(Lchessboard/Board;)Ljava/util/List;" line="44"><counter type="INSTRUCTION" missed="0" covered="27"/><counter type="BRANCH" missed="0" covered="2"/><counter type="LINE" missed="0" covered="4"/><counter type="COMPLEXITY" missed="0" covered="2"/><counter type="METHOD" missed="0" covered="1"/></method><counter type="INSTRUCTION" missed="0" covered="33"/><counter type="BRANCH" missed="0" covered="2"/><counter type="LINE" missed="0" covered="6"/><counter type="COMPLEXITY" missed="0" covered="3"/><counter type="METHOD" missed="0" covered="2"/><counter type="CLASS" missed="0" covered="1"/></class><class name="chessboard/pieces/King"><method name="&lt;init&gt;" desc="(Lchessboard/Color;II)V" line="33"><counter type="INSTRUCTION" missed="0" covered="6"/><counter type="LINE" missed="0" covered="2"/><counter type="COMPLEXITY" missed="0" covered="1"/><counter type="METHOD" missed="0" covered="1"/></method><method name="validMoves" desc="(Lchessboard/Board;)Ljava/util/List;" line="45"><counter type="INSTRUCTION" missed="0" covered="71"/><counter type="BRANCH" missed="0" covered="4"/><counter type="LINE" missed="0" covered="10"/><counter type="COMPLEXITY" missed="0" covered="3"/><counter type="METHOD" missed="0" covered="1"/></method><counter type="INSTRUCTION" missed="0" covered="77"/><counter type="BRANCH" missed="0" covered="4"/><counter type="LINE" missed="0" covered="12"/><counter type="COMPLEXITY" missed="0" covered="4"/><counter type="METHOD" missed="0" covered="2"/><counter type="CLASS" missed="0" covered="1"/></class><class name="chessboard/pieces/Pawn"><method name="&lt;init&gt;" desc="(Lchessboard/Color;II)V" line="34"><counter type="INSTRUCTION" missed="0" covered="6"/><counter type="LINE" missed="0" covered="2"/><counter type="COMPLEXITY" missed="0" covered="1"/><counter type="METHOD" missed="0" covered="1"/></method><method name="validMoves" desc="(Lchessboard/Board;)Ljava/util/List;" line="49"><counter type="INSTRUCTION" missed="0" covered="223"/><counter type="BRANCH" missed="4" covered="30"/><counter type="LINE" missed="0" covered="27"/><counter type="COMPLEXITY" missed="4" covered="14"/><counter type="METHOD" missed="0" covered="1"/></method><counter type="INSTRUCTION" missed="0" covered="229"/><counter type="BRANCH" missed="4" covered="30"/><counter type="LINE" missed="0" covered="29"/><counter type="COMPLEXITY" missed="4" covered="15"/><counter type="METHOD" missed="0" covered="2"/><counter type="CLASS" missed="0" covered="1"/></class><class name="chessboard/pieces/Bishop"><method name="&lt;init&gt;" desc="(Lchessboard/Color;II)V" line="32"><counter type="INSTRUCTION" missed="0" covered="6"/><counter type="LINE" missed="0" covered="2"/><counter type="COMPLEXITY" missed="0" covered="1"/><counter type="METHOD" missed="0" covered="1"/></method><method name="validMoves" desc="(Lchessboard/Board;)Ljava/util/List;" line="44"><counter type="INSTRUCTION" missed="0" covered="26"/><counter type="LINE" missed="0" covered="6"/><counter type="COMPLEXITY" missed="0" covered="1"/><counter type="METHOD" missed="0" covered="1"/></method><counter type="INSTRUCTION" missed="0" covered="32"/><counter type="LINE" missed="0" covered="8"/><counter type="COMPLEXITY" missed="0" covered="2"/><counter type="METHOD" missed="0" covered="2"/><counter type="CLASS" missed="0" covered="1"/></class><sourcefile name="Bishop.java"><line nr="32" mi="0" ci="5" mb="0" cb="0"/><line nr="33" mi="0" ci="1" mb="0" cb="0"/><line nr="44" mi="0" ci="4" mb="0" cb="0"/><line nr="46" mi="0" ci="5" mb="0" cb="0"/><line nr="47" mi="0" ci="5" mb="0" cb="0"/><line nr="48" mi="0" ci="5" mb="0" cb="0"/><line nr="49" mi="0" ci="5" mb="0" cb="0"/><line nr="51" mi="0" ci="2" mb="0" cb="0"/><counter type="INSTRUCTION" missed="0" covered="32"/><counter type="LINE" missed="0" covered="8"/><counter type="COMPLEXITY" missed="0" covered="2"/><counter type="METHOD" missed="0" covered="2"/><counter type="CLASS" missed="0" covered="1"/></sourcefile><sourcefile name="Knight.java"><line nr="32" mi="0" ci="5" mb="0" cb="0"/><line nr="33" mi="0" ci="1" mb="0" cb="0"/><line nr="44" mi="0" ci="4" mb="0" cb="0"/><line nr="47" mi="0" ci="11" mb="0" cb="0"/><line nr="48" mi="0" ci="11" mb="0" cb="0"/><line nr="49" mi="0" ci="16" mb="0" cb="2"/><line nr="50" mi="0" ci="16" mb="0" cb="2"/><line nr="51" mi="0" ci="16" mb="0" cb="0"/><line nr="52" mi="0" ci="16" mb="0" cb="0"/><line nr="56" mi="0" ci="2" mb="0" cb="0"/><counter type="INSTRUCTION" missed="0" covered="98"/><counter type="BRANCH" missed="0" covered="4"/><counter type="LINE" missed="0" covered="10"/><counter type="COMPLEXITY" missed="0" covered="4"/><counter type="METHOD" missed="0" covered="2"/><counter type="CLASS" missed="0" covered="1"/></sourcefile><sourcefile name="Piece.java"><line nr="42" mi="0" ci="2" mb="0" cb="0"/><line nr="43" mi="0" ci="3" mb="0" cb="0"/><line nr="44" mi="0" ci="7" mb="0" cb="0"/><line nr="45" mi="0" ci="3" mb="0" cb="0"/><line nr="46" mi="0" ci="1" mb="0" cb="0"/><line nr="54" mi="0" ci="3" mb="0" cb="0"/><line nr="63" mi="0" ci="3" mb="0" cb="0"/><line nr="64" mi="0" ci="1" mb="0" cb="0"/><line nr="70" mi="0" ci="6" mb="0" cb="0"/><line nr="71" mi="0" ci="1" mb="0" cb="0"/><line nr="77" mi="0" ci="6" mb="0" cb="0"/><line nr="78" mi="0" ci="1" mb="0" cb="0"/><line nr="86" mi="0" ci="7" mb="0" cb="2"/><line nr="106" mi="0" ci="7" mb="0" cb="0"/><line nr="107" mi="0" ci="7" mb="0" cb="0"/><line nr="109" mi="0" ci="4" mb="0" cb="2"/><line nr="110" mi="0" ci="5" mb="0" cb="0"/><line nr="111" mi="0" ci="2" mb="0" cb="2"/><line nr="112" mi="0" ci="8" mb="0" cb="0"/><line nr="113" mi="0" ci="1" mb="0" cb="0"/><line nr="116" mi="0" ci="8" mb="0" cb="0"/><line nr="118" mi="0" ci="5" mb="0" cb="0"/><line nr="119" mi="0" ci="5" mb="0" cb="0"/><line nr="120" mi="0" ci="1" mb="0" cb="0"/><line nr="121" mi="0" ci="1" mb="0" cb="0"/><line nr="131" mi="0" ci="5" mb="0" cb="2"/><line nr="132" mi="0" ci="2" mb="0" cb="0"/><line nr="135" mi="0" ci="3" mb="0" cb="0"/><line nr="137" mi="0" ci="5" mb="0" cb="2"/><line nr="138" mi="0" ci="2" mb="0" cb="0"/><line nr="141" mi="0" ci="6" mb="0" cb="2"/><line nr="142" mi="0" ci="2" mb="0" cb="0"/><line nr="145" mi="0" ci="5" mb="0" cb="2"/><line nr="146" mi="0" ci="2" mb="0" cb="0"/><line nr="149" mi="0" ci="2" mb="0" cb="0"/><counter type="INSTRUCTION" missed="0" covered="132"/><counter type="BRANCH" missed="0" covered="14"/><counter type="LINE" missed="0" covered="35"/><counter type="COMPLEXITY" missed="0" covered="15"/><counter type="METHOD" missed="0" covered="8"/><counter type="CLASS" missed="0" covered="1"/></sourcefile><sourcefile name="King.java"><line nr="33" mi="0" ci="5" mb="0" cb="0"/><line nr="34" mi="0" ci="1" mb="0" cb="0"/><line nr="45" mi="0" ci="4" mb="0" cb="0"/><line nr="49" mi="0" ci="16" mb="0" cb="2"/><line nr="50" mi="0" ci="7" mb="0" cb="0"/><line nr="51" mi="0" ci="7" mb="0" cb="0"/><line nr="52" mi="0" ci="8" mb="0" cb="0"/><line nr="54" mi="0" ci="6" mb="0" cb="2"/><line nr="55" mi="0" ci="9" mb="0" cb="0"/><line nr="56" mi="0" ci="4" mb="0" cb="0"/><line nr="57" mi="0" ci="8" mb="0" cb="0"/><line nr="61" mi="0" ci="2" mb="0" cb="0"/><counter type="INSTRUCTION" missed="0" covered="77"/><counter type="BRANCH" missed="0" covered="4"/><counter type="LINE" missed="0" covered="12"/><counter type="COMPLEXITY" missed="0" covered="4"/><counter type="METHOD" missed="0" covered="2"/><counter type="CLASS" missed="0" covered="1"/></sourcefile><sourcefile name="Pawn.java"><line nr="34" mi="0" ci="5" mb="0" cb="0"/><line nr="35" mi="0" ci="1" mb="0" cb="0"/><line nr="49" mi="0" ci="4" mb="0" cb="0"/><line nr="54" mi="0" ci="4" mb="0" cb="0"/><line nr="55" mi="0" ci="9" mb="0" cb="0"/><line nr="56" mi="0" ci="8" mb="0" cb="0"/><line nr="59" mi="0" ci="18" mb="0" cb="2"/><line nr="60" mi="0" ci="7" mb="0" cb="0"/><line nr="61" mi="0" ci="7" mb="0" cb="0"/><line nr="62" mi="0" ci="8" mb="0" cb="0"/><line nr="66" mi="0" ci="14" mb="0" cb="0"/><line nr="67" mi="0" ci="9" mb="0" cb="4"/><line nr="68" mi="0" ci="4" mb="0" cb="0"/><line nr="69" mi="0" ci="11" mb="0" cb="0"/><line nr="70" mi="0" ci="8" mb="0" cb="0"/><line nr="74" mi="0" ci="3" mb="0" cb="0"/><line nr="75" mi="0" ci="2" mb="0" cb="2"/><line nr="76" mi="0" ci="2" mb="0" cb="0"/><line nr="77" mi="0" ci="10" mb="1" cb="3"/><line nr="78" mi="0" ci="12" mb="1" cb="3"/><line nr="79" mi="0" ci="13" mb="0" cb="4"/><line nr="80" mi="0" ci="16" mb="1" cb="3"/><line nr="81" mi="0" ci="13" mb="0" cb="4"/><line nr="82" mi="0" ci="16" mb="1" cb="3"/><line nr="83" mi="0" ci="2" mb="0" cb="2"/><line nr="84" mi="0" ci="4" mb="0" cb="0"/><line nr="85" mi="0" ci="9" mb="0" cb="0"/><line nr="86" mi="0" ci="8" mb="0" cb="0"/><line nr="91" mi="0" ci="2" mb="0" cb="0"/><counter type="INSTRUCTION" missed="0" covered="229"/><counter type="BRANCH" missed="4" covered="30"/><counter type="LINE" missed="0" covered="29"/><counter type="COMPLEXITY" missed="4" covered="15"/><counter type="METHOD" missed="0" covered="2"/><counter type="CLASS" missed="0" covered="1"/></sourcefile><sourcefile name="Queen.java"><line nr="32" mi="0" ci="5" mb="0" cb="0"/><line nr="33" mi="0" ci="1" mb="0" cb="0"/><line nr="44" mi="0" ci="4" mb="0" cb="0"/><line nr="46" mi="0" ci="16" mb="0" cb="2"/><line nr="47" mi="0" ci="5" mb="0" cb="0"/><line nr="50" mi="0" ci="2" mb="0" cb="0"/><counter type="INSTRUCTION" missed="0" covered="33"/><counter type="BRANCH" missed="0" covered="2"/><counter type="LINE" missed="0" covered="6"/><counter type="COMPLEXITY" missed="0" covered="3"/><counter type="METHOD" missed="0" covered="2"/><counter type="CLASS" missed="0" covered="1"/></sourcefile><sourcefile name="Rook.java"><line nr="32" mi="0" ci="5" mb="0" cb="0"/><line nr="33" mi="0" ci="1" mb="0" cb="0"/><line nr="44" mi="0" ci="4" mb="0" cb="0"/><line nr="46" mi="0" ci="5" mb="0" cb="0"/><line nr="47" mi="0" ci="5" mb="0" cb="0"/><line nr="48" mi="0" ci="5" mb="0" cb="0"/><line nr="49" mi="0" ci="5" mb="0" cb="0"/><line nr="51" mi="0" ci="2" mb="0" cb="0"/><counter type="INSTRUCTION" missed="0" covered="32"/><counter type="LINE" missed="0" covered="8"/><counter type="COMPLEXITY" missed="0" covered="2"/><counter type="METHOD" missed="0" covered="2"/><counter type="CLASS" missed="0" covered="1"/></sourcefile><counter type="INSTRUCTION" missed="0" covered="633"/><counter type="BRANCH" missed="4" covered="54"/><counter type="LINE" missed="0" covered="108"/><counter type="COMPLEXITY" missed="4" covered="45"/><counter type="METHOD" missed="0" covered="20"/><counter type="CLASS" missed="0" covered="7"/></package><package name="ai"><class name="ai/MoveSelector"><method name="&lt;init&gt;" desc="(Lchessboard/Board;I)V" line="33"><counter type="INSTRUCTION" missed="0" covered="19"/><counter type="LINE" missed="0" covered="5"/><counter type="COMPLEXITY" missed="0" covered="1"/><counter type="METHOD" missed="0" covered="1"/></method><method name="addChildren" desc="(Lchessboard/Board;Lai/AnalysisNode;II)V" line="49"><counter type="INSTRUCTION" missed="0" covered="40"/><counter type="BRANCH" missed="0" covered="4"/><counter type="LINE" missed="0" covered="10"/><counter type="COMPLEXITY" missed="0" covered="3"/><counter type="METHOD" missed="0" covered="1"/></method><method name="bestMove" desc="()Lchessboard/moves/GenericMove;" line="70"><counter type="INSTRUCTION" missed="0" covered="25"/><counter type="BRANCH" missed="0" covered="4"/><counter type="LINE" missed="0" covered="5"/><counter type="COMPLEXITY" missed="0" covered="3"/><counter type="METHOD" missed="0" covered="1"/></method><method name="calculateWorstCaseValues" desc="()V" line="84"><counter type="INSTRUCTION" missed="0" covered="60"/><counter type="BRANCH" missed="0" covered="10"/><counter type="LINE" missed="0" covered="14"/><counter type="COMPLEXITY" missed="0" covered="6"/><counter type="METHOD" missed="0" covered="1"/></method><method name="leaves" desc="()Ljava/util/List;" line="109"><counter type="INSTRUCTION" missed="0" covered="11"/><counter type="LINE" missed="0" covered="3"/><counter type="COMPLEXITY" missed="0" covered="1"/><counter type="METHOD" missed="0" covered="1"/></method><method name="recursiveLeafSearch" desc="(Ljava/util/List;Lai/AnalysisNode;)V" line="124"><counter type="INSTRUCTION" missed="0" covered="26"/><counter type="BRANCH" missed="0" covered="4"/><counter type="LINE" missed="0" covered="6"/><counter type="COMPLEXITY" missed="0" covered="3"/><counter type="METHOD" missed="0" covered="1"/></method><method name="pushUpWorstCase" desc="(Lai/AnalysisNode;)V" line="140"><counter type="INSTRUCTION" missed="0" covered="42"/><counter type="BRANCH" missed="0" covered="6"/><counter type="LINE" missed="0" covered="10"/><counter type="COMPLEXITY" missed="0" covered="4"/><counter type="METHOD" missed="0" covered="1"/></method><counter type="INSTRUCTION" missed="0" covered="223"/><counter type="BRANCH" missed="0" covered="28"/><counter type="LINE" missed="0" covered="53"/><counter type="COMPLEXITY" missed="0" covered="21"/><counter type="METHOD" missed="0" covered="7"/><counter type="CLASS" missed="0" covered="1"/></class><class name="ai/PositionAnalysis"><method name="&lt;init&gt;" desc="(Lchessboard/Board;)V" line="44"><counter type="INSTRUCTION" missed="0" covered="24"/><counter type="BRANCH" missed="0" covered="2"/><counter type="LINE" missed="0" covered="7"/><counter type="COMPLEXITY" missed="0" covered="2"/><counter type="METHOD" missed="0" covered="1"/></method><method name="addCheckmateValue" desc="(Lchessboard/Board;)D" line="54"><counter type="INSTRUCTION" missed="0" covered="43"/><counter type="BRANCH" missed="0" covered="8"/><counter type="LINE" missed="0" covered="11"/><counter type="COMPLEXITY" missed="0" covered="5"/><counter type="METHOD" missed="0" covered="1"/></method><method name="addMaterialValues" desc="(Lchessboard/Board;)D" line="76"><counter type="INSTRUCTION" missed="0" covered="67"/><counter type="BRANCH" missed="0" covered="16"/><counter type="LINE" missed="0" covered="19"/><counter type="COMPLEXITY" missed="0" covered="9"/><counter type="METHOD" missed="0" covered="1"/></method><method name="colorFactor" desc="(Lchessboard/Color;)I" line="111"><counter type="INSTRUCTION" missed="0" covered="7"/><counter type="BRANCH" missed="0" covered="2"/><counter type="LINE" missed="0" covered="3"/><counter type="COMPLEXITY" missed="0" covered="2"/><counter type="METHOD" missed="0" covered="1"/></method><counter type="INSTRUCTION" missed="0" covered="141"/><counter type="BRANCH" missed="0" covered="28"/><counter type="LINE" missed="0" covered="40"/><counter type="COMPLEXITY" missed="0" covered="18"/><counter type="METHOD" missed="0" covered="4"/><counter type="CLASS" missed="0" covered="1"/></class><class name="ai/AnalysisNode"><method name="&lt;init&gt;" desc="(Lchessboard/Board;Lchessboard/moves/GenericMove;)V" line="42"><counter type="INSTRUCTION" missed="0" covered="24"/><counter type="LINE" missed="0" covered="7"/><counter type="COMPLEXITY" missed="0" covered="1"/><counter type="METHOD" missed="0" covered="1"/></method><method name="addChild" desc="(Lai/AnalysisNode;)V" line="56"><counter type="INSTRUCTION" missed="0" covered="9"/><counter type="LINE" missed="0" covered="3"/><counter type="COMPLEXITY" missed="0" covered="1"/><counter type="METHOD" missed="0" covered="1"/></method><method name="removeChild" desc="(Lai/AnalysisNode;)V" line="66"><counter type="INSTRUCTION" missed="0" covered="6"/><counter type="LINE" missed="0" covered="2"/><counter type="COMPLEXITY" missed="0" covered="1"/><counter type="METHOD" missed="0" covered="1"/></method><method name="parent" desc="()Lai/AnalysisNode;" line="75"><counter type="INSTRUCTION" missed="0" covered="3"/><counter type="LINE" missed="0" covered="1"/><counter type="COMPLEXITY" missed="0" covered="1"/><counter type="METHOD" missed="0" covered="1"/></method><method name="children" desc="()Ljava/util/List;" line="84"><counter type="INSTRUCTION" missed="0" covered="4"/><counter type="LINE" missed="0" covered="1"/><counter type="COMPLEXITY" missed="0" covered="1"/><counter type="METHOD" missed="0" covered="1"/></method><method name="worstCaseValue" desc="()Ljava/lang/Double;" line="95"><counter type="INSTRUCTION" missed="0" covered="3"/><counter type="LINE" missed="0" covered="1"/><counter type="COMPLEXITY" missed="0" covered="1"/><counter type="METHOD" missed="0" covered="1"/></method><method name="setWorstCaseValue" desc="(D)V" line="105"><counter type="INSTRUCTION" missed="0" covered="5"/><counter type="LINE" missed="0" covered="2"/><counter type="COMPLEXITY" missed="0" covered="1"/><counter type="METHOD" missed="0" covered="1"/></method><method name="hashCode" desc="()I" line="110"><counter type="INSTRUCTION" missed="0" covered="27"/><counter type="LINE" missed="0" covered="4"/><counter type="COMPLEXITY" missed="0" covered="1"/><counter type="METHOD" missed="0" covered="1"/></method><counter type="INSTRUCTION" missed="0" covered="81"/><counter type="LINE" missed="0" covered="21"/><counter type="COMPLEXITY" missed="0" covered="8"/><counter type="METHOD" missed="0" covered="8"/><counter type="CLASS" missed="0" covered="1"/></class><sourcefile name="AnalysisNode.java"><line nr="42" mi="0" ci="2" mb="0" cb="0"/><line nr="43" mi="0" ci="5" mb="0" cb="0"/><line nr="44" mi="0" ci="3" mb="0" cb="0"/><line nr="45" mi="0" ci="3" mb="0" cb="0"/><line nr="46" mi="0" ci="7" mb="0" cb="0"/><line nr="47" mi="0" ci="3" mb="0" cb="0"/><line nr="48" mi="0" ci="1" mb="0" cb="0"/><line nr="56" mi="0" ci="5" mb="0" cb="0"/><line nr="57" mi="0" ci="3" mb="0" cb="0"/><line nr="58" mi="0" ci="1" mb="0" cb="0"/><line nr="66" mi="0" ci="5" mb="0" cb="0"/><line nr="67" mi="0" ci="1" mb="0" cb="0"/><line nr="75" mi="0" ci="3" mb="0" cb="0"/><line nr="84" mi="0" ci="4" mb="0" cb="0"/><line nr="95" mi="0" ci="3" mb="0" cb="0"/><line nr="105" mi="0" ci="4" mb="0" cb="0"/><line nr="106" mi="0" ci="1" mb="0" cb="0"/><line nr="110" mi="0" ci="2" mb="0" cb="0"/><line nr="111" mi="0" ci="15" mb="0" cb="0"/><line nr="112" mi="0" ci="8" mb="0" cb="0"/><line nr="113" mi="0" ci="2" mb="0" cb="0"/><counter type="INSTRUCTION" missed="0" covered="81"/><counter type="LINE" missed="0" covered="21"/><counter type="COMPLEXITY" missed="0" covered="8"/><counter type="METHOD" missed="0" covered="8"/><counter type="CLASS" missed="0" covered="1"/></sourcefile><sourcefile name="MoveSelector.java"><line nr="33" mi="0" ci="2" mb="0" cb="0"/><line nr="34" mi="0" ci="7" mb="0" cb="0"/><line nr="35" mi="0" ci="7" mb="0" cb="0"/><line nr="36" mi="0" ci="2" mb="0" cb="0"/><line nr="37" mi="0" ci="1" mb="0" cb="0"/><line nr="49" mi="0" ci="3" mb="0" cb="2"/><line nr="50" mi="0" ci="1" mb="0" cb="0"/><line nr="53" mi="0" ci="11" mb="0" cb="2"/><line nr="54" mi="0" ci="3" mb="0" cb="0"/><line nr="56" mi="0" ci="6" mb="0" cb="0"/><line nr="57" mi="0" ci="3" mb="0" cb="0"/><line nr="58" mi="0" ci="8" mb="0" cb="0"/><line nr="60" mi="0" ci="3" mb="0" cb="0"/><line nr="61" mi="0" ci="1" mb="0" cb="0"/><line nr="62" mi="0" ci="1" mb="0" cb="0"/><line nr="70" mi="0" ci="12" mb="0" cb="2"/><line nr="71" mi="0" ci="7" mb="0" cb="2"/><line nr="72" mi="0" ci="3" mb="0" cb="0"/><line nr="74" mi="0" ci="1" mb="0" cb="0"/><line nr="75" mi="0" ci="2" mb="0" cb="0"/><line nr="84" mi="0" ci="3" mb="0" cb="0"/><line nr="85" mi="0" ci="4" mb="0" cb="0"/><line nr="87" mi="0" ci="10" mb="0" cb="2"/><line nr="88" mi="0" ci="4" mb="0" cb="0"/><line nr="89" mi="0" ci="1" mb="0" cb="0"/><line nr="91" mi="0" ci="3" mb="0" cb="2"/><line nr="92" mi="0" ci="10" mb="0" cb="2"/><line nr="93" mi="0" ci="3" mb="0" cb="0"/><line nr="94" mi="0" ci="8" mb="0" cb="4"/><line nr="95" mi="0" ci="5" mb="0" cb="0"/><line nr="97" mi="0" ci="1" mb="0" cb="0"/><line nr="98" mi="0" ci="2" mb="0" cb="0"/><line nr="99" mi="0" ci="5" mb="0" cb="0"/><line nr="101" mi="0" ci="1" mb="0" cb="0"/><line nr="109" mi="0" ci="4" mb="0" cb="0"/><line nr="111" mi="0" ci="5" mb="0" cb="0"/><line nr="113" mi="0" ci="2" mb="0" cb="0"/><line nr="124" mi="0" ci="4" mb="0" cb="2"/><line nr="125" mi="0" ci="5" mb="0" cb="0"/><line nr="127" mi="0" ci="11" mb="0" cb="2"/><line nr="128" mi="0" ci="4" mb="0" cb="0"/><line nr="129" mi="0" ci="1" mb="0" cb="0"/><line nr="131" mi="0" ci="1" mb="0" cb="0"/><line nr="140" mi="0" ci="3" mb="0" cb="0"/><line nr="141" mi="0" ci="2" mb="0" cb="2"/><line nr="142" mi="0" ci="3" mb="0" cb="0"/><line nr="143" mi="0" ci="2" mb="0" cb="2"/><line nr="144" mi="0" ci="4" mb="0" cb="0"/><line nr="145" mi="0" ci="6" mb="0" cb="2"/><line nr="146" mi="0" ci="9" mb="0" cb="0"/><line nr="148" mi="0" ci="8" mb="0" cb="0"/><line nr="150" mi="0" ci="4" mb="0" cb="0"/><line nr="152" mi="0" ci="1" mb="0" cb="0"/><counter type="INSTRUCTION" missed="0" covered="223"/><counter type="BRANCH" missed="0" covered="28"/><counter type="LINE" missed="0" covered="53"/><counter type="COMPLEXITY" missed="0" covered="21"/><counter type="METHOD" missed="0" covered="7"/><counter type="CLASS" missed="0" covered="1"/></sourcefile><sourcefile name="PositionAnalysis.java"><line nr="44" mi="0" ci="2" mb="0" cb="0"/><line nr="45" mi="0" ci="2" mb="0" cb="0"/><line nr="46" mi="0" ci="6" mb="0" cb="0"/><line nr="47" mi="0" ci="4" mb="0" cb="2"/><line nr="48" mi="0" ci="6" mb="0" cb="0"/><line nr="50" mi="0" ci="3" mb="0" cb="0"/><line nr="51" mi="0" ci="1" mb="0" cb="0"/><line nr="54" mi="0" ci="3" mb="0" cb="0"/><line nr="55" mi="0" ci="4" mb="0" cb="0"/><line nr="56" mi="0" ci="2" mb="0" cb="2"/><line nr="57" mi="0" ci="2" mb="0" cb="0"/><line nr="59" mi="0" ci="4" mb="0" cb="2"/><line nr="60" mi="0" ci="2" mb="0" cb="0"/><line nr="62" mi="0" ci="12" mb="0" cb="2"/><line nr="63" mi="0" ci="3" mb="0" cb="2"/><line nr="64" mi="0" ci="2" mb="0" cb="0"/><line nr="66" mi="0" ci="1" mb="0" cb="0"/><line nr="67" mi="0" ci="8" mb="0" cb="0"/><line nr="76" mi="0" ci="2" mb="0" cb="0"/><line nr="77" mi="0" ci="7" mb="0" cb="2"/><line nr="78" mi="0" ci="7" mb="0" cb="2"/><line nr="79" mi="0" ci="5" mb="0" cb="0"/><line nr="80" mi="0" ci="2" mb="0" cb="0"/><line nr="82" mi="0" ci="2" mb="0" cb="2"/><line nr="83" mi="0" ci="1" mb="0" cb="0"/><line nr="84" mi="0" ci="3" mb="0" cb="2"/><line nr="85" mi="0" ci="3" mb="0" cb="0"/><line nr="86" mi="0" ci="3" mb="0" cb="2"/><line nr="87" mi="0" ci="3" mb="0" cb="0"/><line nr="88" mi="0" ci="3" mb="0" cb="2"/><line nr="89" mi="0" ci="3" mb="0" cb="0"/><line nr="90" mi="0" ci="3" mb="0" cb="2"/><line nr="91" mi="0" ci="3" mb="0" cb="0"/><line nr="92" mi="0" ci="3" mb="0" cb="2"/><line nr="93" mi="0" ci="2" mb="0" cb="0"/><line nr="96" mi="0" ci="10" mb="0" cb="0"/><line nr="99" mi="0" ci="2" mb="0" cb="0"/><line nr="111" mi="0" ci="3" mb="0" cb="2"/><line nr="112" mi="0" ci="2" mb="0" cb="0"/><line nr="114" mi="0" ci="2" mb="0" cb="0"/><counter type="INSTRUCTION" missed="0" covered="141"/><counter type="BRANCH" missed="0" covered="28"/><counter type="LINE" missed="0" covered="40"/><counter type="COMPLEXITY" missed="0" covered="18"/><counter type="METHOD" missed="0" covered="4"/><counter type="CLASS" missed="0" covered="1"/></sourcefile><counter type="INSTRUCTION" missed="0" covered="445"/><counter type="BRANCH" missed="0" covered="56"/><counter type="LINE" missed="0" covered="114"/><counter type="COMPLEXITY" missed="0" covered="47"/><counter type="METHOD" missed="0" covered="19"/><counter type="CLASS" missed="0" covered="3"/></package><package name="gui"><class name="gui/AppWindow"><method name="&lt;init&gt;" desc="()V" line="18"><counter type="INSTRUCTION" missed="3" covered="0"/><counter type="LINE" missed="1" covered="0"/><counter type="COMPLEXITY" missed="1" covered="0"/><counter type="METHOD" missed="1" covered="0"/></method><method name="start" desc="(Ljavafx/stage/Stage;)V" line="28"><counter type="INSTRUCTION" missed="37" covered="0"/><counter type="LINE" missed="10" covered="0"/><counter type="COMPLEXITY" missed="1" covered="0"/><counter type="METHOD" missed="1" covered="0"/></method><counter type="INSTRUCTION" missed="40" covered="0"/><counter type="LINE" missed="11" covered="0"/><counter type="COMPLEXITY" missed="2" covered="0"/><counter type="METHOD" missed="2" covered="0"/><counter type="CLASS" missed="1" covered="0"/></class><class name="gui/MenuPane"><method name="&lt;init&gt;" desc="(Lgui/BoardPane;)V" line="33"><counter type="INSTRUCTION" missed="61" covered="0"/><counter type="LINE" missed="16" covered="0"/><counter type="COMPLEXITY" missed="1" covered="0"/><counter type="METHOD" missed="1" covered="0"/></method><method name="newGame" desc="()V" line="69"><counter type="INSTRUCTION" missed="16" covered="0"/><counter type="LINE" missed="4" covered="0"/><counter type="COMPLEXITY" missed="1" covered="0"/><counter type="METHOD" missed="1" covered="0"/></method><method name="lambda$new$2" desc="(Lgui/BoardPane;Ljavafx/event/ActionEvent;)V" line="56"><counter type="INSTRUCTION" missed="8" covered="0"/><counter type="LINE" missed="3" covered="0"/><counter type="COMPLEXITY" missed="1" covered="0"/><counter type="METHOD" missed="1" covered="0"/></method><method name="lambda$new$1" desc="(Lgui/BoardPane;Ljavafx/event/ActionEvent;)V" line="51"><counter type="INSTRUCTION" missed="12" covered="0"/><counter type="LINE" missed="3" covered="0"/><counter type="COMPLEXITY" missed="1" covered="0"/><counter type="METHOD" missed="1" covered="0"/></method><method name="lambda$new$0" desc="(Ljavafx/event/ActionEvent;)V" line="47"><counter type="INSTRUCTION" missed="3" covered="0"/><counter type="LINE" missed="2" covered="0"/><counter type="COMPLEXITY" missed="1" covered="0"/><counter type="METHOD" missed="1" covered="0"/></method><counter type="INSTRUCTION" missed="100" covered="0"/><counter type="LINE" missed="28" covered="0"/><counter type="COMPLEXITY" missed="5" covered="0"/><counter type="METHOD" missed="5" covered="0"/><counter type="CLASS" missed="1" covered="0"/></class><class name="gui/BoardPane"><method name="&lt;init&gt;" desc="()V" line="41"><counter type="INSTRUCTION" missed="8" covered="0"/><counter type="LINE" missed="4" covered="0"/><counter type="COMPLEXITY" missed="1" covered="0"/><counter type="METHOD" missed="1" covered="0"/></method><method name="refreshSquares" desc="()V" line="51"><counter type="INSTRUCTION" missed="28" covered="0"/><counter type="BRANCH" missed="4" covered="0"/><counter type="LINE" missed="4" covered="0"/><counter type="COMPLEXITY" missed="3" covered="0"/><counter type="METHOD" missed="1" covered="0"/></method><method name="setBoard" desc="(Lchessboard/Board;)V" line="64"><counter type="INSTRUCTION" missed="4" covered="0"/><counter type="LINE" missed="2" covered="0"/><counter type="COMPLEXITY" missed="1" covered="0"/><counter type="METHOD" missed="1" covered="0"/></method><method name="addBoardSquares" desc="()V" line="73"><counter type="INSTRUCTION" missed="87" covered="0"/><counter type="BRANCH" missed="4" covered="0"/><counter type="LINE" missed="13" covered="0"/><counter type="COMPLEXITY" missed="3" covered="0"/><counter type="METHOD" missed="1" covered="0"/></method><method name="loadImage" desc="(Ljava/lang/String;)Ljavafx/scene/image/Image;" line="103"><counter type="INSTRUCTION" missed="10" covered="0"/><counter type="LINE" missed="1" covered="0"/><counter type="COMPLEXITY" missed="1" covered="0"/><counter type="METHOD" missed="1" covered="0"/></method><method name="handleClick" desc="(II)V" line="113"><counter type="INSTRUCTION" missed="34" covered="0"/><counter type="BRANCH" missed="4" covered="0"/><counter type="LINE" missed="9" covered="0"/><counter type="COMPLEXITY" missed="3" covered="0"/><counter type="METHOD" missed="1" covered="0"/></method><method name="lambda$addBoardSquares$0" desc="(Lgui/BoardSquare;Ljavafx/scene/input/MouseEvent;)V" line="88"><counter type="INSTRUCTION" missed="7" covered="0"/><counter type="LINE" missed="2" covered="0"/><counter type="COMPLEXITY" missed="1" covered="0"/><counter type="METHOD" missed="1" covered="0"/></method><counter type="INSTRUCTION" missed="178" covered="0"/><counter type="BRANCH" missed="12" covered="0"/><counter type="LINE" missed="35" covered="0"/><counter type="COMPLEXITY" missed="13" covered="0"/><counter type="METHOD" missed="7" covered="0"/><counter type="CLASS" missed="1" covered="0"/></class><class name="gui/BoardSquare"><method name="&lt;init&gt;" desc="(II[Ljavafx/scene/Node;)V" line="40"><counter type="INSTRUCTION" missed="10" covered="0"/><counter type="LINE" missed="4" covered="0"/><counter type="COMPLEXITY" missed="1" covered="0"/><counter type="METHOD" missed="1" covered="0"/></method><method name="refreshState" desc="(Lchessboard/Board;)V" line="52"><counter type="INSTRUCTION" missed="68" covered="0"/><counter type="BRANCH" missed="6" covered="0"/><counter type="LINE" missed="14" covered="0"/><counter type="COMPLEXITY" missed="4" covered="0"/><counter type="METHOD" missed="1" covered="0"/></method><counter type="INSTRUCTION" missed="78" covered="0"/><counter type="BRANCH" missed="6" covered="0"/><counter type="LINE" missed="18" covered="0"/><counter type="COMPLEXITY" missed="5" covered="0"/><counter type="METHOD" missed="2" covered="0"/><counter type="CLASS" missed="1" covered="0"/></class><sourcefile name="BoardSquare.java"><line nr="40" mi="3" ci="0" mb="0" cb="0"/><line nr="41" mi="3" ci="0" mb="0" cb="0"/><line nr="42" mi="3" ci="0" mb="0" cb="0"/><line nr="43" mi="1" ci="0" mb="0" cb="0"/><line nr="52" mi="7" ci="0" mb="0" cb="0"/><line nr="53" mi="4" ci="0" mb="2" cb="0"/><line nr="54" mi="1" ci="0" mb="0" cb="0"/><line nr="57" mi="3" ci="0" mb="0" cb="0"/><line nr="58" mi="3" ci="0" mb="0" cb="0"/><line nr="60" mi="4" ci="0" mb="2" cb="0"/><line nr="61" mi="4" ci="0" mb="0" cb="0"/><line nr="64" mi="2" ci="0" mb="2" cb="0"/><line nr="65" mi="17" ci="0" mb="0" cb="0"/><line nr="66" mi="10" ci="0" mb="0" cb="0"/><line nr="67" mi="5" ci="0" mb="0" cb="0"/><line nr="68" mi="3" ci="0" mb="0" cb="0"/><line nr="69" mi="4" ci="0" mb="0" cb="0"/><line nr="71" mi="1" ci="0" mb="0" cb="0"/><counter type="INSTRUCTION" missed="78" covered="0"/><counter type="BRANCH" missed="6" covered="0"/><counter type="LINE" missed="18" covered="0"/><counter type="COMPLEXITY" missed="5" covered="0"/><counter type="METHOD" missed="2" covered="0"/><counter type="CLASS" missed="1" covered="0"/></sourcefile><sourcefile name="MenuPane.java"><line nr="33" mi="2" ci="0" mb="0" cb="0"/><line nr="34" mi="3" ci="0" mb="0" cb="0"/><line nr="36" mi="2" ci="0" mb="0" cb="0"/><line nr="38" mi="5" ci="0" mb="0" cb="0"/><line nr="39" mi="5" ci="0" mb="0" cb="0"/><line nr="40" mi="5" ci="0" mb="0" cb="0"/><line nr="42" mi="3" ci="0" mb="0" cb="0"/><line nr="43" mi="3" ci="0" mb="0" cb="0"/><line nr="44" mi="3" ci="0" mb="0" cb="0"/><line nr="46" mi="4" ci="0" mb="0" cb="0"/><line nr="47" mi="2" ci="0" mb="0" cb="0"/><line nr="48" mi="1" ci="0" mb="0" cb="0"/><line nr="50" mi="5" ci="0" mb="0" cb="0"/><line nr="51" mi="9" ci="0" mb="0" cb="0"/><line nr="52" mi="2" ci="0" mb="0" cb="0"/><line nr="53" mi="1" ci="0" mb="0" cb="0"/><line nr="55" mi="5" ci="0" mb="0" cb="0"/><line nr="56" mi="5" ci="0" mb="0" cb="0"/><line nr="57" mi="2" ci="0" mb="0" cb="0"/><line nr="58" mi="1" ci="0" mb="0" cb="0"/><line nr="60" mi="5" ci="0" mb="0" cb="0"/><line nr="61" mi="5" ci="0" mb="0" cb="0"/><line nr="62" mi="5" ci="0" mb="0" cb="0"/><line nr="63" mi="1" ci="0" mb="0" cb="0"/><line nr="69" mi="7" ci="0" mb="0" cb="0"/><line nr="70" mi="5" ci="0" mb="0" cb="0"/><line nr="71" mi="3" ci="0" mb="0" cb="0"/><line nr="72" mi="1" ci="0" mb="0" cb="0"/><counter type="INSTRUCTION" missed="100" covered="0"/><counter type="LINE" missed="28" covered="0"/><counter type="COMPLEXITY" missed="5" covered="0"/><counter type="METHOD" missed="5" covered="0"/><counter type="CLASS" missed="1" covered="0"/></sourcefile><sourcefile name="AppWindow.java"><line nr="18" mi="3" ci="0" mb="0" cb="0"/><line nr="28" mi="3" ci="0" mb="0" cb="0"/><line nr="30" mi="4" ci="0" mb="0" cb="0"/><line nr="31" mi="5" ci="0" mb="0" cb="0"/><line nr="33" mi="4" ci="0" mb="0" cb="0"/><line nr="34" mi="5" ci="0" mb="0" cb="0"/><line nr="35" mi="5" ci="0" mb="0" cb="0"/><line nr="37" mi="5" ci="0" mb="0" cb="0"/><line nr="38" mi="3" ci="0" mb="0" cb="0"/><line nr="40" mi="2" ci="0" mb="0" cb="0"/><line nr="41" mi="1" ci="0" mb="0" cb="0"/><counter type="INSTRUCTION" missed="40" covered="0"/><counter type="LINE" missed="11" covered="0"/><counter type="COMPLEXITY" missed="2" covered="0"/><counter type="METHOD" missed="2" covered="0"/><counter type="CLASS" missed="1" covered="0"/></sourcefile><sourcefile name="BoardPane.java"><line nr="41" mi="2" ci="0" mb="0" cb="0"/><line nr="42" mi="3" ci="0" mb="0" cb="0"/><line nr="43" mi="2" ci="0" mb="0" cb="0"/><line nr="44" mi="1" ci="0" mb="0" cb="0"/><line nr="51" mi="9" ci="0" mb="2" cb="0"/><line nr="52" mi="9" ci="0" mb="2" cb="0"/><line nr="53" mi="9" ci="0" mb="0" cb="0"/><line nr="56" mi="1" ci="0" mb="0" cb="0"/><line nr="64" mi="3" ci="0" mb="0" cb="0"/><line nr="65" mi="1" ci="0" mb="0" cb="0"/><line nr="73" mi="15" ci="0" mb="0" cb="0"/><line nr="74" mi="2" ci="0" mb="0" cb="0"/><line nr="76" mi="5" ci="0" mb="0" cb="0"/><line nr="77" mi="7" ci="0" mb="2" cb="0"/><line nr="78" mi="7" ci="0" mb="2" cb="0"/><line nr="79" mi="7" ci="0" mb="0" cb="0"/><line nr="80" mi="7" ci="0" mb="0" cb="0"/><line nr="82" mi="12" ci="0" mb="0" cb="0"/><line nr="84" mi="7" ci="0" mb="0" cb="0"/><line nr="85" mi="5" ci="0" mb="0" cb="0"/><line nr="87" mi="5" ci="0" mb="0" cb="0"/><line nr="88" mi="6" ci="0" mb="0" cb="0"/><line nr="89" mi="1" ci="0" mb="0" cb="0"/><line nr="91" mi="7" ci="0" mb="0" cb="0"/><line nr="93" mi="1" ci="0" mb="0" cb="0"/><line nr="103" mi="10" ci="0" mb="0" cb="0"/><line nr="113" mi="6" ci="0" mb="0" cb="0"/><line nr="114" mi="3" ci="0" mb="2" cb="0"/><line nr="115" mi="4" ci="0" mb="0" cb="0"/><line nr="117" mi="8" ci="0" mb="0" cb="0"/><line nr="118" mi="3" ci="0" mb="2" cb="0"/><line nr="119" mi="2" ci="0" mb="0" cb="0"/><line nr="120" mi="4" ci="0" mb="0" cb="0"/><line nr="122" mi="3" ci="0" mb="0" cb="0"/><line nr="125" mi="1" ci="0" mb="0" cb="0"/><counter type="INSTRUCTION" missed="178" covered="0"/><counter type="BRANCH" missed="12" covered="0"/><counter type="LINE" missed="35" covered="0"/><counter type="COMPLEXITY" missed="13" covered="0"/><counter type="METHOD" missed="7" covered="0"/><counter type="CLASS" missed="1" covered="0"/></sourcefile><counter type="INSTRUCTION" missed="396" covered="0"/><counter type="BRANCH" missed="18" covered="0"/><counter type="LINE" missed="92" covered="0"/><counter type="COMPLEXITY" missed="25" covered="0"/><counter type="METHOD" missed="16" covered="0"/><counter type="CLASS" missed="4" covered="0"/></package><package name="chessboard"><class name="chessboard/Direction"><method name="values" desc="()[Lchessboard/Direction;" line="13"><counter type="INSTRUCTION" missed="0" covered="4"/><counter type="LINE" missed="0" covered="1"/><counter type="COMPLEXITY" missed="0" covered="1"/><counter type="METHOD" missed="0" covered="1"/></method><method name="valueOf" desc="(Ljava/lang/String;)Lchessboard/Direction;" line="13"><counter type="INSTRUCTION" missed="5" covered="0"/><counter type="LINE" missed="1" covered="0"/><counter type="COMPLEXITY" missed="1" covered="0"/><counter type="METHOD" missed="1" covered="0"/></method><method name="&lt;init&gt;" desc="(Ljava/lang/String;I)V" line="13"><counter type="INSTRUCTION" missed="0" covered="5"/><counter type="LINE" missed="0" covered="1"/><counter type="COMPLEXITY" missed="0" covered="1"/><counter type="METHOD" missed="0" covered="1"/></method><method name="&lt;clinit&gt;" desc="()V" line="13"><counter type="INSTRUCTION" missed="0" covered="84"/><counter type="LINE" missed="0" covered="9"/><counter type="COMPLEXITY" missed="0" covered="1"/><counter type="METHOD" missed="0" covered="1"/></method><counter type="INSTRUCTION" missed="5" covered="93"/><counter type="LINE" missed="0" covered="9"/><counter type="COMPLEXITY" missed="1" covered="3"/><counter type="METHOD" missed="1" covered="3"/><counter type="CLASS" missed="0" covered="1"/></class><class name="chessboard/Color"><method name="values" desc="()[Lchessboard/Color;" line="13"><counter type="INSTRUCTION" missed="0" covered="4"/><counter type="LINE" missed="0" covered="1"/><counter type="COMPLEXITY" missed="0" covered="1"/><counter type="METHOD" missed="0" covered="1"/></method><method name="valueOf" desc="(Ljava/lang/String;)Lchessboard/Color;" line="13"><counter type="INSTRUCTION" missed="0" covered="5"/><counter type="LINE" missed="0" covered="1"/><counter type="COMPLEXITY" missed="0" covered="1"/><counter type="METHOD" missed="0" covered="1"/></method><method name="&lt;init&gt;" desc="(Ljava/lang/String;I)V" line="13"><counter type="INSTRUCTION" missed="0" covered="5"/><counter type="LINE" missed="0" covered="1"/><counter type="COMPLEXITY" missed="0" covered="1"/><counter type="METHOD" missed="0" covered="1"/></method><method name="queenRow" desc="()I" line="94"><counter type="INSTRUCTION" missed="0" covered="4"/><counter type="LINE" missed="0" covered="1"/><counter type="COMPLEXITY" missed="0" covered="1"/><counter type="METHOD" missed="0" covered="1"/></method><method name="pawnRow" desc="()I" line="104"><counter type="INSTRUCTION" missed="0" covered="7"/><counter type="LINE" missed="0" covered="1"/><counter type="COMPLEXITY" missed="0" covered="1"/><counter type="METHOD" missed="0" covered="1"/></method><method name="&lt;clinit&gt;" desc="()V" line="13"><counter type="INSTRUCTION" missed="0" covered="24"/><counter type="LINE" missed="0" covered="3"/><counter type="COMPLEXITY" missed="0" covered="1"/><counter type="METHOD" missed="0" covered="1"/></method><counter type="INSTRUCTION" missed="0" covered="49"/><counter type="LINE" missed="0" covered="5"/><counter type="COMPLEXITY" missed="0" covered="6"/><counter type="METHOD" missed="0" covered="6"/><counter type="CLASS" missed="0" covered="1"/></class><class name="chessboard/Board"><method name="inBounds" desc="(II)Z" line="44"><counter type="INSTRUCTION" missed="0" covered="20"/><counter type="BRANCH" missed="0" covered="8"/><counter type="LINE" missed="0" covered="9"/><counter type="COMPLEXITY" missed="0" covered="5"/><counter type="METHOD" missed="0" covered="1"/></method><method name="initialState" desc="()Ljava/util/List;" line="70"><counter type="INSTRUCTION" missed="0" covered="193"/><counter type="BRANCH" missed="0" covered="2"/><counter type="LINE" missed="0" covered="21"/><counter type="COMPLEXITY" missed="0" covered="2"/><counter type="METHOD" missed="0" covered="1"/></method><method name="&lt;init&gt;" desc="(Ljava/util/List;Lchessboard/Color;)V" line="117"><counter type="INSTRUCTION" missed="0" covered="9"/><counter type="LINE" missed="0" covered="4"/><counter type="COMPLEXITY" missed="0" covered="1"/><counter type="METHOD" missed="0" covered="1"/></method><method name="canCastle" desc="(Lchessboard/Direction;Lchessboard/Color;)Z" line="133"><counter type="INSTRUCTION" missed="2" covered="126"/><counter type="BRANCH" missed="2" covered="22"/><counter type="LINE" missed="1" covered="25"/><counter type="COMPLEXITY" missed="2" covered="11"/><counter type="METHOD" missed="0" covered="1"/></method><method name="findKing" desc="(Lchessboard/Color;)Lchessboard/pieces/King;" line="185"><counter type="INSTRUCTION" missed="0" covered="33"/><counter type="BRANCH" missed="0" covered="10"/><counter type="LINE" missed="0" covered="6"/><counter type="COMPLEXITY" missed="0" covered="6"/><counter type="METHOD" missed="0" covered="1"/></method><method name="getActivePlayer" desc="()Lchessboard/Color;" line="202"><counter type="INSTRUCTION" missed="0" covered="3"/><counter type="LINE" missed="0" covered="1"/><counter type="COMPLEXITY" missed="0" covered="1"/><counter type="METHOD" missed="0" covered="1"/></method><method name="passTurn" desc="()V" line="209"><counter type="INSTRUCTION" missed="0" covered="6"/><counter type="LINE" missed="0" covered="2"/><counter type="COMPLEXITY" missed="0" covered="1"/><counter type="METHOD" missed="0" covered="1"/></method><method name="kingThreatened" desc="(Lchessboard/pieces/King;)Z" line="222"><counter type="INSTRUCTION" missed="59" covered="289"/><counter type="BRANCH" missed="22" covered="34"/><counter type="LINE" missed="9" covered="35"/><counter type="COMPLEXITY" missed="13" covered="16"/><counter type="METHOD" missed="0" covered="1"/></method><method name="occupant" desc="(II)Lchessboard/pieces/Piece;" line="292"><counter type="INSTRUCTION" missed="0" covered="7"/><counter type="LINE" missed="0" covered="1"/><counter type="COMPLEXITY" missed="0" covered="1"/><counter type="METHOD" missed="0" covered="1"/></method><method name="setOccupant" desc="(IILchessboard/pieces/Piece;)V" li
[...]
"1"/></method><method name="rookTargetX" desc="()I" line="48"><counter type="INSTRUCTION" missed="0" covered="2"/><counter type="LINE" missed="0" covered="1"/><counter type="COMPLEXITY" missed="0" covered="1"/><counter type="METHOD" missed="0" covered="1"/></method><counter type="INSTRUCTION" missed="0" covered="10"/><counter type="LINE" missed="0" covered="4"/><counter type="COMPLEXITY" missed="0" covered="3"/><counter type="METHOD" missed="0" covered="3"/><counter type="CLASS" missed="0" covered="1"/></class><class name="chessboard/moves/Capture"><method name="&lt;init&gt;" desc="(Lchessboard/Board;Lchessboard/pieces/Piece;Ljava/awt/Point;)V" line="31"><counter type="INSTRUCTION" missed="0" covered="16"/><counter type="LINE" missed="0" covered="3"/><counter type="COMPLEXITY" missed="0" covered="1"/><counter type="METHOD" missed="0" covered="1"/></method><method name="implementationExecute" desc="()V" line="41"><counter type="INSTRUCTION" missed="0" covered="1"/><counter type="LINE" missed="0" covered="1"/><counter type="COMPLEXITY" missed="0" covered="1"/><counter type="METHOD" missed="0" covered="1"/></method><method name="implementationRevert" desc="()V" line="50"><counter type="INSTRUCTION" missed="0" covered="14"/><counter type="LINE" missed="0" covered="2"/><counter type="COMPLEXITY" missed="0" covered="1"/><counter type="METHOD" missed="0" covered="1"/></method><counter type="INSTRUCTION" missed="0" covered="31"/><counter type="LINE" missed="0" covered="6"/><counter type="COMPLEXITY" missed="0" covered="3"/><counter type="METHOD" missed="0" covered="3"/><counter type="CLASS" missed="0" covered="1"/></class><class name="chessboard/moves/GenericMove"><method name="&lt;init&gt;" desc="(Lchessboard/Board;Lchessboard/pieces/Piece;Ljava/awt/Point;)V" line="37"><counter type="INSTRUCTION" missed="0" covered="16"/><counter type="LINE" missed="0" covered="6"/><counter type="COMPLEXITY" missed="0" covered="1"/><counter type="METHOD" missed="0" covered="1"/></method><method name="valid" desc="()Z" line="51"><counter type="INSTRUCTION" missed="0" covered="34"/><counter type="BRANCH" missed="0" covered="6"/><counter type="LINE" missed="0" covered="8"/><counter type="COMPLEXITY" missed="0" covered="4"/><counter type="METHOD" missed="0" covered="1"/></method><method name="execute" desc="()Z" line="76"><counter type="INSTRUCTION" missed="0" covered="22"/><counter type="BRANCH" missed="0" covered="2"/><counter type="LINE" missed="0" covered="7"/><counter type="COMPLEXITY" missed="0" covered="2"/><counter type="METHOD" missed="0" covered="1"/></method><method name="revert" desc="()Z" line="95"><counter type="INSTRUCTION" missed="2" covered="18"/><counter type="BRANCH" missed="1" covered="1"/><counter type="LINE" missed="1" covered="6"/><counter type="COMPLEXITY" missed="1" covered="1"/><counter type="METHOD" missed="0" covered="1"/></method><method name="endangersKing" desc="()Z" line="115"><counter type="INSTRUCTION" missed="0" covered="23"/><counter type="BRANCH" missed="0" covered="2"/><counter type="LINE" missed="0" covered="7"/><counter type="COMPLEXITY" missed="0" covered="2"/><counter type="METHOD" missed="0" covered="1"/></method><method name="updateBoard" desc="()V" line="136"><counter type="INSTRUCTION" missed="0" covered="32"/><counter type="LINE" missed="0" covered="6"/><counter type="COMPLEXITY" missed="0" covered="1"/><counter type="METHOD" missed="0" covered="1"/></method><method name="revertBoard" desc="()V" line="149"><counter type="INSTRUCTION" missed="0" covered="32"/><counter type="LINE" missed="0" covered="6"/><counter type="COMPLEXITY" missed="0" covered="1"/><counter type="METHOD" missed="0" covered="1"/></method><method name="equals" desc="(Ljava/lang/Object;)Z" line="177"><counter type="INSTRUCTION" missed="4" covered="30"/><counter type="BRANCH" missed="2" covered="6"/><counter type="LINE" missed="2" covered="8"/><counter type="COMPLEXITY" missed="2" covered="3"/><counter type="METHOD" missed="0" covered="1"/></method><method name="hashCode" desc="()I" line="205"><counter type="INSTRUCTION" missed="0" covered="36"/><counter type="LINE" missed="0" covered="6"/><counter type="COMPLEXITY" missed="0" covered="1"/><counter type="METHOD" missed="0" covered="1"/></method><counter type="INSTRUCTION" missed="6" covered="243"/><counter type="BRANCH" missed="3" covered="17"/><counter type="LINE" missed="3" covered="60"/><counter type="COMPLEXITY" missed="3" covered="16"/><counter type="METHOD" missed="0" covered="9"/><counter type="CLASS" missed="0" covered="1"/></class><class name="chessboard/moves/EnPassant"><method name="&lt;init&gt;" desc="(Lchessboard/Board;Lchessboard/pieces/Piece;Ljava/awt/Point;)V" line="32"><counter type="INSTRUCTION" missed="0" covered="21"/><counter type="LINE" missed="0" covered="4"/><counter type="COMPLEXITY" missed="0" covered="1"/><counter type="METHOD" missed="0" covered="1"/></method><method name="implementationExecute" desc="()V" line="43"><counter type="INSTRUCTION" missed="0" covered="15"/><counter type="LINE" missed="0" covered="3"/><counter type="COMPLEXITY" missed="0" covered="1"/><counter type="METHOD" missed="0" covered="1"/></method><method name="implementationRevert" desc="()V" line="53"><counter type="INSTRUCTION" missed="0" covered="14"/><counter type="LINE" missed="0" covered="2"/><counter type="COMPLEXITY" missed="0" covered="1"/><counter type="METHOD" missed="0" covered="1"/></method><counter type="INSTRUCTION" missed="0" covered="50"/><counter type="LINE" missed="0" covered="9"/><counter type="COMPLEXITY" missed="0" covered="3"/><counter type="METHOD" missed="0" covered="3"/><counter type="CLASS" missed="0" covered="1"/></class><class name="chessboard/moves/MoveFactory"><method name="&lt;init&gt;" desc="()V" line="21"><counter type="INSTRUCTION" missed="3" covered="0"/><counter type="LINE" missed="1" covered="0"/><counter type="COMPLEXITY" missed="1" covered="0"/><counter type="METHOD" missed="1" covered="0"/></method><method name="create" desc="(Lchessboard/Board;Lchessboard/pieces/Piece;II)Lchessboard/moves/GenericMove;" line="34"><counter type="INSTRUCTION" missed="0" covered="80"/><counter type="BRANCH" missed="0" covered="12"/><counter type="LINE" missed="0" covered="14"/><counter type="COMPLEXITY" missed="0" covered="7"/><counter type="METHOD" missed="0" covered="1"/></method><method name="addIfValid" desc="(Ljava/util/List;Lchessboard/Board;Lchessboard/pieces/Piece;IIZZ)V" line="75"><counter type="INSTRUCTION" missed="0" covered="31"/><counter type="BRANCH" missed="0" covered="10"/><counter type="LINE" missed="0" covered="9"/><counter type="COMPLEXITY" missed="0" covered="6"/><counter type="METHOD" missed="0" covered="1"/></method><method name="isEnPassant" desc="(Lchessboard/Board;Lchessboard/pieces/Piece;Ljava/awt/Point;)Z" line="99"><counter type="INSTRUCTION" missed="0" covered="24"/><counter type="BRANCH" missed="0" covered="6"/><counter type="LINE" missed="0" covered="7"/><counter type="COMPLEXITY" missed="0" covered="4"/><counter type="METHOD" missed="0" covered="1"/></method><method name="isPromotion" desc="(Lchessboard/pieces/Piece;Ljava/awt/Point;)Z" line="123"><counter type="INSTRUCTION" missed="0" covered="15"/><counter type="BRANCH" missed="0" covered="4"/><counter type="LINE" missed="0" covered="5"/><counter type="COMPLEXITY" missed="0" covered="3"/><counter type="METHOD" missed="0" covered="1"/></method><method name="isKingsideCastle" desc="(Lchessboard/pieces/Piece;Ljava/awt/Point;)Z" line="142"><counter type="INSTRUCTION" missed="0" covered="17"/><counter type="BRANCH" missed="0" covered="4"/><counter type="LINE" missed="0" covered="5"/><counter type="COMPLEXITY" missed="0" covered="3"/><counter type="METHOD" missed="0" covered="1"/></method><method name="isQueensideCastle" desc="(Lchessboard/pieces/Piece;Ljava/awt/Point;)Z" line="161"><counter type="INSTRUCTION" missed="0" covered="17"/><counter type="BRANCH" missed="0" covered="4"/><counter type="LINE" missed="0" covered="5"/><counter type="COMPLEXITY" missed="0" covered="3"/><counter type="METHOD" missed="0" covered="1"/></method><method name="isCapture" desc="(Lchessboard/Board;Ljava/awt/Point;)Z" line="181"><counter type="INSTRUCTION" missed="0" covered="11"/><counter type="BRANCH" missed="0" covered="2"/><counter type="LINE" missed="0" covered="3"/><counter type="COMPLEXITY" missed="0" covered="2"/><counter type="METHOD" missed="0" covered="1"/></method><counter type="INSTRUCTION" missed="3" covered="195"/><counter type="BRANCH" missed="0" covered="42"/><counter type="LINE" missed="1" covered="48"/><counter type="COMPLEXITY" missed="1" covered="28"/><counter type="METHOD" missed="1" covered="7"/><counter type="CLASS" missed="0" covered="1"/></class><class name="chessboard/moves/Castle"><method name="&lt;init&gt;" desc="(Lchessboard/Board;Lchessboard/pieces/Piece;Ljava/awt/Point;)V" line="31"><counter type="INSTRUCTION" missed="0" covered="16"/><counter type="LINE" missed="0" covered="3"/><counter type="COMPLEXITY" missed="0" covered="1"/><counter type="METHOD" missed="0" covered="1"/></method><method name="implementationExecute" desc="()V" line="59"><counter type="INSTRUCTION" missed="0" covered="34"/><counter type="LINE" missed="0" covered="4"/><counter type="COMPLEXITY" missed="0" covered="1"/><counter type="METHOD" missed="0" covered="1"/></method><method name="implementationRevert" desc="()V" line="70"><counter type="INSTRUCTION" missed="0" covered="34"/><counter type="LINE" missed="0" covered="4"/><counter type="COMPLEXITY" missed="0" covered="1"/><counter type="METHOD" missed="0" covered="1"/></method><counter type="INSTRUCTION" missed="0" covered="84"/><counter type="LINE" missed="0" covered="11"/><counter type="COMPLEXITY" missed="0" covered="3"/><counter type="METHOD" missed="0" covered="3"/><counter type="CLASS" missed="0" covered="1"/></class><sourcefile name="QueensideCastle.java"><line nr="28" mi="0" ci="5" mb="0" cb="0"/><line nr="29" mi="0" ci="1" mb="0" cb="0"/><line nr="38" mi="0" ci="2" mb="0" cb="0"/><line nr="48" mi="0" ci="2" mb="0" cb="0"/><counter type="INSTRUCTION" missed="0" covered="10"/><counter type="LINE" missed="0" covered="4"/><counter type="COMPLEXITY" missed="0" covered="3"/><counter type="METHOD" missed="0" covered="3"/><counter type="CLASS" missed="0" covered="1"/></sourcefile><sourcefile name="MoveFactory.java"><line nr="21" mi="3" ci="0" mb="0" cb="0"/><line nr="34" mi="0" ci="6" mb="0" cb="0"/><line nr="35" mi="0" ci="4" mb="0" cb="2"/><line nr="36" mi="0" ci="7" mb="0" cb="0"/><line nr="39" mi="0" ci="5" mb="0" cb="2"/><line nr="40" mi="0" ci="7" mb="0" cb="0"/><line nr="43" mi="0" ci="4" mb="0" cb="2"/><line nr="44" mi="0" ci="7" mb="0" cb="0"/><line nr="47" mi="0" ci="4" mb="0" cb="2"/><line nr="48" mi="0" ci="7" mb="0" cb="0"/><line nr="51" mi="0" ci="4" mb="0" cb="2"/><line nr="52" mi="0" ci="7" mb="0" cb="0"/><line nr="55" mi="0" ci="4" mb="0" cb="2"/><line nr="56" mi="0" ci="7" mb="0" cb="0"/><line nr="59" mi="0" ci="7" mb="0" cb="0"/><line nr="75" mi="0" ci="6" mb="0" cb="0"/><line nr="76" mi="0" ci="3" mb="0" cb="2"/><line nr="77" mi="0" ci="1" mb="0" cb="0"/><line nr="79" mi="0" ci="7" mb="0" cb="4"/><line nr="80" mi="0" ci="1" mb="0" cb="0"/><line nr="82" mi="0" ci="7" mb="0" cb="4"/><line nr="83" mi="0" ci="1" mb="0" cb="0"/><line nr="85" mi="0" ci="4" mb="0" cb="0"/><line nr="86" mi="0" ci="1" mb="0" cb="0"/><line nr="99" mi="0" ci="3" mb="0" cb="2"/><line nr="100" mi="0" ci="2" mb="0" cb="0"/><line nr="103" mi="0" ci="6" mb="0" cb="2"/><line nr="104" mi="0" ci="2" mb="0" cb="0"/><line nr="107" mi="0" ci="7" mb="0" cb="2"/><line nr="108" mi="0" ci="2" mb="0" cb="0"/><line nr="111" mi="0" ci="2" mb="0" cb="0"/><line nr="123" mi="0" ci="3" mb="0" cb="2"/><line nr="124" mi="0" ci="2" mb="0" cb="0"/><line nr="127" mi="0" ci="6" mb="0" cb="2"/><line nr="128" mi="0" ci="2" mb="0" cb="0"/><line nr="131" mi="0" ci="2" mb="0" cb="0"/><line nr="142" mi="0" ci="3" mb="0" cb="2"/><line nr="143" mi="0" ci="2" mb="0" cb="0"/><line nr="146" mi="0" ci="8" mb="0" cb="2"/><line nr="147" mi="0" ci="2" mb="0" cb="0"/><line nr="150" mi="0" ci="2" mb="0" cb="0"/><line nr="161" mi="0" ci="3" mb="0" cb="2"/><line nr="162" mi="0" ci="2" mb="0" cb="0"/><line nr="165" mi="0" ci="8" mb="0" cb="2"/><line nr="166" mi="0" ci="2" mb="0" cb="0"/><line nr="169" mi="0" ci="2" mb="0" cb="0"/><line nr="181" mi="0" ci="7" mb="0" cb="2"/><line nr="182" mi="0" ci="2" mb="0" cb="0"/><line nr="185" mi="0" ci="2" mb="0" cb="0"/><counter type="INSTRUCTION" missed="3" covered="195"/><counter type="BRANCH" missed="0" covered="42"/><counter type="LINE" missed="1" covered="48"/><counter type="COMPLEXITY" missed="1" covered="28"/><counter type="METHOD" missed="1" covered="7"/><counter type="CLASS" missed="0" covered="1"/></sourcefile><sourcefile name="KingsideCastle.java"><line nr="28" mi="0" ci="5" mb="0" cb="0"/><line nr="29" mi="0" ci="1" mb="0" cb="0"/><line nr="38" mi="0" ci="2" mb="0" cb="0"/><line nr="48" mi="0" ci="2" mb="0" cb="0"/><counter type="INSTRUCTION" missed="0" covered="10"/><counter type="LINE" missed="0" covered="4"/><counter type="COMPLEXITY" missed="0" covered="3"/><counter type="METHOD" missed="0" covered="3"/><counter type="CLASS" missed="0" covered="1"/></sourcefile><sourcefile name="GenericMove.java"><line nr="37" mi="0" ci="2" mb="0" cb="0"/><line nr="38" mi="0" ci="3" mb="0" cb="0"/><line nr="39" mi="0" ci="3" mb="0" cb="0"/><line nr="40" mi="0" ci="4" mb="0" cb="0"/><line nr="41" mi="0" ci="3" mb="0" cb="0"/><line nr="42" mi="0" ci="1" mb="0" cb="0"/><line nr="51" mi="0" ci="8" mb="0" cb="2"/><line nr="52" mi="0" ci="2" mb="0" cb="0"/><line nr="55" mi="0" ci="10" mb="0" cb="0"/><line nr="57" mi="0" ci="2" mb="0" cb="2"/><line nr="58" mi="0" ci="2" mb="0" cb="0"/><line nr="61" mi="0" ci="6" mb="0" cb="2"/><line nr="62" mi="0" ci="2" mb="0" cb="0"/><line nr="65" mi="0" ci="2" mb="0" cb="0"/><line nr="76" mi="0" ci="6" mb="0" cb="2"/><line nr="77" mi="0" ci="2" mb="0" cb="0"/><line nr="80" mi="0" ci="2" mb="0" cb="0"/><line nr="81" mi="0" ci="3" mb="0" cb="0"/><line nr="82" mi="0" ci="4" mb="0" cb="0"/><line nr="83" mi="0" ci="3" mb="0" cb="0"/><line nr="84" mi="0" ci="2" mb="0" cb="0"/><line nr="95" mi="0" ci="5" mb="1" cb="1"/><line nr="96" mi="2" ci="0" mb="0" cb="0"/><line nr="99" mi="0" ci="2" mb="0" cb="0"/><line nr="100" mi="0" ci="3" mb="0" cb="0"/><line nr="101" mi="0" ci="3" mb="0" cb="0"/><line nr="102" mi="0" ci="3" mb="0" cb="0"/><line nr="103" mi="0" ci="2" mb="0" cb="0"/><line nr="115" mi="0" ci="2" mb="0" cb="0"/><line nr="117" mi="0" ci="7" mb="0" cb="0"/><line nr="119" mi="0" ci="2" mb="0" cb="2"/><line nr="120" mi="0" ci="3" mb="0" cb="0"/><line nr="122" mi="0" ci="5" mb="0" cb="0"/><line nr="125" mi="0" ci="2" mb="0" cb="0"/><line nr="127" mi="0" ci="2" mb="0" cb="0"/><line nr="136" mi="0" ci="10" mb="0" cb="0"/><line nr="137" mi="0" ci="11" mb="0" cb="0"/><line nr="138" mi="0" ci="5" mb="0" cb="0"/><line nr="139" mi="0" ci="3" mb="0" cb="0"/><line nr="140" mi="0" ci="2" mb="0" cb="0"/><line nr="141" mi="0" ci="1" mb="0" cb="0"/><line nr="149" mi="0" ci="10" mb="0" cb="0"/><line nr="150" mi="0" ci="11" mb="0" cb="0"/><line nr="151" mi="0" ci="5" mb="0" cb="0"/><line nr="152" mi="0" ci="3" mb="0" cb="0"/><line nr="153" mi="0" ci="2" mb="0" cb="0"/><line nr="154" mi="0" ci="1" mb="0" cb="0"/><line nr="177" mi="0" ci="3" mb="1" cb="1"/><line nr="178" mi="2" ci="0" mb="0" cb="0"/><line nr="181" mi="0" ci="3" mb="0" cb="0"/><line nr="183" mi="0" ci="6" mb="0" cb="2"/><line nr="184" mi="0" ci="2" mb="0" cb="0"/><line nr="187" mi="0" ci="6" mb="0" cb="2"/><line nr="188" mi="0" ci="2" mb="0" cb="0"/><line nr="191" mi="0" ci="6" mb="1" cb="1"/><line nr="192" mi="2" ci="0" mb="0" cb="0"/><line nr="195" mi="0" ci="2" mb="0" cb="0"/><line nr="205" mi="0" ci="2" mb="0" cb="0"/><line nr="206" mi="0" ci="8" mb="0" cb="0"/><line nr="207" mi="0" ci="8" mb="0" cb="0"/><line nr="208" mi="0" ci="8" mb="0" cb="0"/><line nr="209" mi="0" ci="8" mb="0" cb="0"/><line nr="210" mi="0" ci="2" mb="0" cb="0"/><counter type="INSTRUCTION" missed="6" covered="243"/><counter type="BRANCH" missed="3" covered="17"/><counter type="LINE" missed="3" covered="60"/><counter type="COMPLEXITY" missed="3" covered="16"/><counter type="METHOD" missed="0" covered="9"/><counter type="CLASS" missed="0" covered="1"/></sourcefile><sourcefile name="Castle.java"><line nr="31" mi="0" ci="5" mb="0" cb="0"/><line nr="32" mi="0" ci="10" mb="0" cb="0"/><line nr="33" mi="0" ci="1" mb="0" cb="0"/><line nr="59" mi="0" ci="10" mb="0" cb="0"/><line nr="60" mi="0" ci="11" mb="0" cb="0"/><line nr="61" mi="0" ci="12" mb="0" cb="0"/><line nr="62" mi="0" ci="1" mb="0" cb="0"/><line nr="70" mi="0" ci="11" mb="0" cb="0"/><line nr="71" mi="0" ci="10" mb="0" cb="0"/><line nr="72" mi="0" ci="12" mb="0" cb="0"/><line nr="73" mi="0" ci="1" mb="0" cb="0"/><counter type="INSTRUCTION" missed="0" covered="84"/><counter type="LINE" missed="0" covered="11"/><counter type="COMPLEXITY" missed="0" covered="3"/><counter type="METHOD" missed="0" covered="3"/><counter type="CLASS" missed="0" covered="1"/></sourcefile><sourcefile name="EnPassant.java"><line nr="32" mi="0" ci="5" mb="0" cb="0"/><line nr="33" mi="0" ci="8" mb="0" cb="0"/><line nr="34" mi="0" ci="7" mb="0" cb="0"/><line nr="35" mi="0" ci="1" mb="0" cb="0"/><line nr="43" mi="0" ci="2" mb="0" cb="0"/><line nr="44" mi="0" ci="12" mb="0" cb="0"/><line nr="45" mi="0" ci="1" mb="0" cb="0"/><line nr="53" mi="0" ci="13" mb="0" cb="0"/><line nr="54" mi="0" ci="1" mb="0" cb="0"/><counter type="INSTRUCTION" missed="0" covered="50"/><counter type="LINE" missed="0" covered="9"/><counter type="COMPLEXITY" missed="0" covered="3"/><counter type="METHOD" missed="0" covered="3"/><counter type="CLASS" missed="0" covered="1"/></sourcefile><sourcefile name="Promotion.java"><line nr="29" mi="0" ci="5" mb="0" cb="0"/><line nr="30" mi="0" ci="1" mb="0" cb="0"/><line nr="38" mi="0" ci="13" mb="0" cb="0"/><line nr="39" mi="0" ci="10" mb="0" cb="0"/><line nr="40" mi="0" ci="1" mb="0" cb="0"/><line nr="49" mi="0" ci="1" mb="0" cb="0"/><counter type="INSTRUCTION" missed="0" covered="31"/><counter type="LINE" missed="0" covered="6"/><counter type="COMPLEXITY" missed="0" covered="3"/><counter type="METHOD" missed="0" covered="3"/><counter type="CLASS" missed="0" covered="1"/></sourcefile><sourcefile name="Capture.java"><line nr="31" mi="0" ci="5" mb="0" cb="0"/><line nr="32" mi="0" ci="10" mb="0" cb="0"/><line nr="33" mi="0" ci="1" mb="0" cb="0"/><line nr="41" mi="0" ci="1" mb="0" cb="0"/><line nr="50" mi="0" ci="13" mb="0" cb="0"/><line nr="51" mi="0" ci="1" mb="0" cb="0"/><counter type="INSTRUCTION" missed="0" covered="31"/><counter type="LINE" missed="0" covered="6"/><counter type="COMPLEXITY" missed="0" covered="3"/><counter type="METHOD" missed="0" covered="3"/><counter type="CLASS" missed="0" covered="1"/></sourcefile><sourcefile name="NormalMove.java"><line nr="28" mi="0" ci="5" mb="0" cb="0"/><line nr="29" mi="0" ci="1" mb="0" cb="0"/><line nr="38" mi="0" ci="1" mb="0" cb="0"/><line nr="47" mi="0" ci="1" mb="0" cb="0"/><counter type="INSTRUCTION" missed="0" covered="8"/><counter type="LINE" missed="0" covered="4"/><counter type="COMPLEXITY" missed="0" covered="3"/><counter type="METHOD" missed="0" covered="3"/><counter type="CLASS" missed="0" covered="1"/></sourcefile><counter type="INSTRUCTION" missed="9" covered="662"/><counter type="BRANCH" missed="3" covered="59"/><counter type="LINE" missed="4" covered="152"/><counter type="COMPLEXITY" missed="4" covered="65"/><counter type="METHOD" missed="1" covered="37"/><counter type="CLASS" missed="0" covered="9"/></package><counter type="INSTRUCTION" missed="479" covered="2834"/><counter type="BRANCH" missed="49" covered="263"/><counter type="LINE" missed="109" covered="551"/><counter type="COMPLEXITY" missed="51" covered="262"/><counter type="METHOD" missed="20" covered="137"/><counter type="CLASS" missed="5" covered="32"/></report>